# impulse log opened 2026-05-11T20:47:40.8525251-04:00
  → P1 home N8 = #96
  → P2 home N12 = #59
[state turn=1 active=1] H4sIAAAAAAAACrWU22rbQBCG32Wu/4udPa/ujANJ6CEmKb0xpijSJhGxpVSHhBL87kWWnUi0ghLo5e58OzM7/8y80vdYN0VVUsKgmxhzSjhYL730oNU2/RXrZdWVLSUStChW1bbIithQsqbzOsb8F21Ay66uY9l+6+rBzyJri+c4vD5crB7SJlJCizy/3D112yYS6LI5T3fx6rln7tJtE0EX1S6uiuyxOavKSElbdxF0fLHs6qaqKRGgs5g9UrLWCAJWQUt4DamhLZSGDGAPK8BQBhwQGD6AhYVhMEM7GIng4SykgbSwBiwEFIKB0fAWKkBZSAXrYDVCAEs4DRYMKcEGSsAreIZSMB5BwQiwhpJgEaADnIAHCwnvoT2cgw1QHprBAqzAwsAFaA3jYBnGwjGMgnTwBl5CC1iwAwsP5Tags6LJ0jqnZL15q8xwuHkonnpdXunqpTzW/VNR5pRQWeWHgueU+D0+Atyn7QmQYkTIv7lg+UFiHMXvN6CvVR6XaZ0P/+pPh9egm7ZHE8qrl5JAPXOwCN07PoFyFgxjTM1ibozpWcyMMTOLWTvm7CyneMy5WU5P4vp3rnsaf3USNcx7U2OOxTuYVXWkiXFeAT8pGcuZpMxEAJ5XIEwE5XkNvJiA8yqYSdV4XgYrJ+C8DiympfPzLv0EnBfDqb79hw06NP+x8a/T7DQDqzo2bXEfDyvxMP2L57TYprfbeND5Iu2Hau08Qr9AHKSHHLyWw8r4UpSxTrd9gA3oc7xrKXk9DeNt2hTZj6za7aqS9qDr4v7hT3tXFj+7fmjfEtv3XzxO3+lS/nu2BkGCLZyEFP89W7nfb/a/AXamvp0FBwAA
— P1 turn 1 phase AddImpulse
P1 places #97 (Execute/Green/1) at bottom of Impulse
  Phase2: P1 uses tech Left (BasicCommon)
P1 discards #107
P1 explores N9: takes #43 (Green/3) into hand
P1 places #78 (Green/1) face-up at N9
P1 moves ship N8 → N9
P1 moves ship N8 → N9
  → activating #78 on N9 (+2 bonus gem(s) from arriving transports)
  → command #78 (ship 2 fleet(s) up to 12, 1 move(s), +1 boost)
  → command: 2 legal origin(s) for fleet 1/2
P1 moves ship G20 → G22
P1 moves ship N9 → N10
P1 moves ship N9 → N10
  → Sector Core activated as Red: 0 gem(s) + 2 transport(s) → +2 prestige
+2 prestige (SectorCoreActivatedByTransports) → P1 total 2
  cursor=[0] #97 used by P1 (Execute)
  → executing tech Left (BasicCommon)
P1 discards #43
P1 moves ship N10 → N9
P1 moves ship N10 → N9
  → activating #78 on N9 (+2 bonus gem(s) from arriving transports)
  → command #78 (ship 2 fleet(s) up to 12, 1 move(s), +1 boost)
  → command: 2 legal origin(s) for fleet 1/2
P1 moves ship N9 → N10
P1 moves ship N9 → N10
P1 moves ship G22 → G13
  → Sector Core activated as Red: 0 gem(s) + 2 transport(s) → +2 prestige
+2 prestige (SectorCoreActivatedByTransports) → P1 total 4
+1 prestige (SectorCoreGatesPatrolled) → P1 total 5
P1 draws 2 (hand=4, deck=78)
[state turn=1 active=2] H4sIAAAAAAAACrWVSU/cQBCF/0ud36Gr9/YNgQQoCyOIchmNImM3YDFjE3sMQmj+e9QzLLaSviDlaPdXS79XZb/Qz9gPTddSwaCrGGsqOFgvvfSgxbp8jv1xN7ZbKiToqFl066Zq4kDFkk77GOtnWoGOx76P7fbH2B/yHFXb5jEeoveBi7tyiFTQUV2fbx7G9RAJdD6clpt48ZiYm3I9RNBZt4mLprofTro2UrHtxwh6jTge+6Hr9/lPYnVPxdIqaAmvITW0hdKQAexhBRjKgAMCwwewsDAMZmgHIxE8nIU0kBbWgIWAQjAwGt5CBSgLqWAdrEYIYAmnwYIhJdhACXgFz1AKxiMoGAHWUBIsAnSAE/BgIeE9tIdzsAHKQzNYgBVYGLgArWEcLMNYOIZRkA7ewEtoAQt2YOGh3Ap00gxV2ddULFk4aLV6l4aKZUjE1V3zkKx5oYunNsnKoC9NW1NBbVfvNU/+ih0+RdyW23dCTQj5zxzyk8SkivS7Feh7V8fjsq8PN0tP+2jQ1TahBdXdU0ugxBy61ynxGyizYJhiKou5KaazmJliJotZO+VsllM85VyW07O6/oMbH6ZXnVUNGcr5KcXiA6u6PtLsMK+/nwnGMlPMzOTnvP5hZifnHfBiBuY9MDPNOG+ClTMw7wILNSN9PuVc45AfO5WG//ARPYz+69hfltXbBiz6OGyb23gYuLT9R49lsy6v13Hv8lmZVmopPSQ0gjgkbKlYrkDfmjb25TrlXoG+xpstFS9vW3hdDk31q+o2m66lHeiyub37+3xsm99j2tb3nnbpdq9r9/Yy/QDeG01DlW3UGQQJtnAS8v93K3e71e4P/KjuggMHAAA=
— P2 turn 1 phase AddImpulse
P2 places #16 (Trade/Yellow/1) at bottom of Impulse
  Phase2: P2 uses tech Left (BasicCommon)
P2 discards #75
P2 builds at G31 (available=8)
  cursor=[0] #97 used by P2 (Execute)
  → drew #63 (Blue/3) — discard (need size ≤ 1)
  cursor=[1] #16 used by P2 (Trade)
  → P2 no eligible card to trade
P2 draws 2 (hand=5, deck=75)
[state turn=2 active=1] H4sIAAAAAAAACrWUSU/cQBCF/0ud36Gr9/YNgQQoCyOIchlZkbEbsJixiRcQQvPfI8+GncSKhJSj3V/X8l5Vv9H32LRlXVHCoJsYC0o4WC+99KDFKnuNzWndVx0lEnRSLupVmZexpWRJ502MxSuloNO+aWLVfeubasflXfkcd7e3gRcPWRspoZOiuFw/9as2EuiyPc/W8ep5YO6yVRtBF/U6Lsr8sT2rq0hJ1/QRtL9x2jdt3Wzjn8X8kZKl1NAWSkMGsIcVYCgDDggMH8DCwjCYoR2MRPBwFtJAWlgDFgIKwcBoeAsVoCykgnWwGiGAJZwGC4aUYAMl4BU8QykYj6BgBFhDSbAI0AFOwIOFhPfQHs7BBigPzWABVmBh4AK0hnGwDGPhGEZBOngDL6EFLNiBhYdyKeisbPOsKShZsnDQCs7AqvSoCyXL4MA2Bd08lE+DNW909VLtpf9UVgUlVNXFVvPBX7HBh4j7rDsSakTIv8aQHyRGWaT/F6F4k4K+1kU8zZpi1/vwtY0PuukGNKGifqkINDC7/vQQ+ADKWTCMMTWLuTGmZzEzxswsZu2Ys7Oc4jHnZjk9yevfuf5p3Ooka5ih3NaRo8LiHcvrJtLkcF5/PxGM5UwyM5Gf5/UPEzt53gEvJuC8B2aiGc+bYOUEnHeBhZqQfj7kVOMwP3ZqGP7dM7sb/f3YX2f5YQMWTWy78j7uBm54H06es3KV3a7i1uWLbFippfSQ0AhiF7CiZJmCvpRVbLLVEDsFfY53HSVvhy28zdoy/5HX63Vd0QZ0Xd4//HneV+XPftjWY02bobv92h1+ynGhw1D9Vqg/FhoknIQU0BJe//dq5WaTbn4B266S0iUHAAA=
— P1 turn 2 phase AddImpulse
P1 places #4 (Command/Yellow/2) at bottom of Impulse
  Phase2: P1 uses tech Left (BasicCommon)
P1 discards #2
P1 moves ship N10 → N9
P1 moves ship N10 → N9
  → activating #78 on N9 (+2 bonus gem(s) from arriving transports)
  → command #78 (ship 2 fleet(s) up to 12, 1 move(s), +1 boost)
  → command: 2 legal origin(s) for fleet 1/2
P1 moves ship N9 → N10
P1 moves ship N9 → N10
  → command: fleet 2/2 skipped
  → Sector Core activated as Red: 0 gem(s) + 2 transport(s) → +2 prestige
+2 prestige (SectorCoreActivatedByTransports) → P1 total 7
  cursor=[0] #97 used by P1 (Execute)
  → executing tech Right (BasicUnique)
  → Piscesish: drew #24 (Red/2) → discard (need size 1)
  cursor=[1] #16 used by P1 (Trade)
P1 discards #28
+1 prestige (TradedCardIcons) → P1 total 8
  cursor=[2] #4 used by P1 (Command)
  → command #4 (ship 1 fleet(s) up to 1, 1 move(s))
  → command: 2 legal origin(s) for fleet 1/1
P1 moves ship N10 → N9
  → activating #78 on N9 (+1 bonus gems from arriving transports)
  → command #78 (ship 1 fleet(s) up to 12, 1 move(s))
  → command: 3 legal origin(s) for fleet 1/1
P1 moves ship N10 → N9
  → activating #78 on N9 (+1 bonus gems from arriving transports)
  → command #78 (ship 1 fleet(s) up to 12, 1 move(s))
  → command: 2 legal origin(s) for fleet 1/1
P1 moves ship N9 → N10
P1 moves ship N9 → N10
  → Sector Core activated as Red: 0 gem(s) + 2 transport(s) → +2 prestige
+2 prestige (SectorCoreActivatedByTransports) → P1 total 10
+1 prestige (SectorCoreGatesPatrolled) → P1 total 11
P1 draws 2 (hand=3, deck=72)
[state turn=2 active=2] H4sIAAAAAAAACrWVW0/cMBCF/8s8nweP784bAglQL6yg6stqVYXEQMRuQpMNCKH975X3RtI2qoTUx9ifxzPnzDhv9D22XdXUlDHoJsaSMg7WSy89aLbMX2N72vT1mjIJOqlmzbIqqthRNqfzNsbylRag075tY73+1rf1jivW1XPcnd4uzB7yLlJGJ2V5uXrql10k0GV3nq/i1XNi7vJlF0EXzSrOquKxO2vqSNm67SNof+K0b7umpUyBzmLxSNlcBrCHFWAoAw4IDB/AwsIwmKEdjETwcBbSQFpYAxYCCsHAaHgLFaAspIJ1sBohgCWcBguGlGADJeAVPEMpGI+gYARYQ0mwCNABTsCDhYT30B7OwQYoD81gAVZgYeACtIZxsAxj4RhGQTp4Ay+hBSzYgYWHcgvQWdUVeVtSNmfhoBWcgVWQkBrSL46yUDYPDmyhF6Cbh+opefNGVy910pVBn6q6pIzqptyKngwWG3yIuM/XR0INCPnXGPKDxOAW6f9FKN4sQF+bMp7mbbmrPX1t44Nu1gnNqGxeagIlZlefToEPoJwEwxBTk5gbYnoSM0PMTGLWDjk7ySkecm6S06N7/TvXPw1LHd0aJii3deSosHjHiqaNNNqc1t+PBGM5cZkZyc/T+oeRnTztgBcjcNoDM9KMp02wcgROu8BCjUg/HXKscZhuO5Waf/fO7lp/3/bXeXGYgFkbu3V1H/d+pAfi5DmvlvntMm5tvsjTTM2DgLZQ6RWZLfOasvkC9KWqY5svU+wF6HO8W1P2dpjC27yrih9Fs1o1NW1A19X9w5/7fV397NO0HnPapOr2Y3dYTP+IY6KpqX7L07/nKeEkpICW8P8/W7nZLDa/ACD2argmBwAA
— P2 turn 2 phase AddImpulse
P2 places #84 (Trade/Blue/1) at bottom of Impulse
  Phase2: P2 uses tech Right (BasicUnique)
P2 explores N11: takes #87 (Red/1) into hand
P2 places #42 (Yellow/2) face-up at N11
P2 moves ship G28 → G25
  cursor=[0] #97 used by P2 (Execute)
  → executing tech Right (BasicUnique)
  ⚔ Battle at G13: P2 (1 cruisers) attacks P1
  ⚔ P1 reinforces with #90
  ⚔ P1 reinforces with #46
  ⚔ P1 reinforces with #34
  ⚔ P2 reinforces with #92
  ⚔ P2 reinforces with #20
  ⚔ P2 reinforces with #72
  ⚔ P2 reinforces with #87
  ⚔ P1 BLUFF revealed #90 (Green/2) — returned to hand
  ⚔ P1 BLUFF revealed #34 (Green/2) — returned to hand
  ⚔ P2 BLUFF revealed #92 (Red/3) — returned to hand
  ⚔ P2 BLUFF revealed #20 (Red/2) — returned to hand
  ⚔ P2 BLUFF revealed #72 (Red/1) — returned to hand
  ⚔ P2 BLUFF revealed #87 (Red/1) — returned to hand
  ⚔ P1 draws cruiser-card #29 (Red/1)
  ⚔ P2 draws cruiser-card #18 (Red/3)
  ⚔ Totals: P2=3 vs P1=2
  ⚔ Winner: P2
P1's ship at G13 destroyed (returned to pool)
P1's ship at N10 destroyed (returned to pool)
P1's ship at N10 destroyed (returned to pool)
P2 moves ship G25 → G13
+1 prestige (BattleWon) → P2 total 1
+3 prestige (ShipsDestroyed) → P2 total 4
!! BATTLE RESULT @ G13

Attacker: P2 (1 cruiser)
  reinforcements: (none)
  bluffs (returned): #92 (Red/3), #20 (Red/2), #72 (Red/1), #87 (Red/1)
  cruiser draws:  #18 (Red/3)
  total icons:    3

Defender: P1
  reinforcements: #46 (Green/1)
  bluffs (returned): #90 (Green/2), #34 (Green/2)
  cruiser draws:  #29 (Red/1)
  total icons:    2

Winner: P2 (+1 prestige for the win, +1 per ship destroyed).
Ships destroyed: 3.
P2 prestige now 4.
  cursor=[1] #16 used by P2 (Trade)
  → P2 no eligible card to trade
  cursor=[2] #4 used by P2 (Command)
  → command #4 (ship 1 fleet(s) up to 1, 1 move(s))
  → command: 3 legal origin(s) for fleet 1/1
P2 moves ship N12 → N11
  → activating #42 on N11 (+1 bonus gems from arriving transports)
  → command #42 (ship 1 fleet(s) up to 1, 1 move(s))
  → command: 4 legal origin(s) for fleet 1/1
P2 moves ship N11 → N10
  → Sector Core activated as Blue: 0 gem(s) + 1 transport(s) → +1 prestige
+1 prestige (SectorCoreActivatedByTransports) → P2 total 5
  cursor=[3] #84 used by P2 (Trade)
P2 discards #87
+1 prestige (TradedCardIcons) → P2 total 6
+1 prestige (SectorCoreGatesPatrolled) → P2 total 7
impulse trim #97 (length now 3)
P2 draws 2 (hand=5, deck=68)
[state turn=3 active=1] H4sIAAAAAAAACrWUS0/cMBSF/8tdn4Wv385uNEiA+mAEVTejURUSAxGZhCYTUIXmv1dmGEjaRqy6jP35+vice/NM32PXV21DGYOuYiwp42C99NKDVnX+K3bLdmh2lEnQolq1dVVUsadsTaddjOUv2oCWQ9fFZvdt6BrKFGhR7KrHeDj9Unh1l/eRMlqU5fn2Yaj7SKDz/jTfxovHxNzkdR9BZ+02rqrivj9pm0jZrhsi6PXEcuj6tqNMg05icU/ZWhlwQGD4ABYWhsEM7WAkgoezkAbSwhqwEFAIBkbDW6gAZSEVrIPVCAEs4TRYMKQEGygBr+AZSsF4BAUjwBpKgkWADnACHiwkvIf2cA42QHloBguwAgsDF6A1jINlGAvHMArSwRt4CS1gwQ4sPJTbgE6qvsi7krI1Cwet4AysgoTUkB7agj1kgHcIiT+ama3ZQsPrDejqrnpI+TzTxVOTvJWgT1VTUkZNW74Yn0IWe3xAyH8St/nujVAfEYr3G9DXtozLvCsPqtLXy2nQ1S6hGZXtU0OgxBy06VT4CMpZMIwxNYu5MaZnMTPGzCxm7Zizs5ziMedmOT25179zw8P4qZNbwwzl/Jhi8Y4VbRdpsskzNbScYHIGMxPzed79MAmT5/33YgLOJ2AmjvF8BHb6lPkMWKgJ6edLTh0O802nUusf/oGHxn9t+su8OPb/qov9rrqNr2mkwV085lWdX9dpTYLO8jRS6yCg0myv6ryhbL0Bfama2OV1qrwBfY43O8qejxN4nfdV8aNot9u2oT3osrq9+3t/aKqfQ5rUN0X79LbXkTsuyrHM5OAfKv27SAkp4CSsAP93sXK/3+x/A8cCXNG/BgAA
— P1 turn 3 phase AddImpulse
P1 places #34 (Plan/Green/2) at bottom of Impulse
  Phase2: P1 uses tech Right (BasicUnique)
  → Piscesish: drew #35 (Yellow/1) → hand
  cursor=[0] #16 used by P1 (Trade)
  → P1 no eligible card to trade
  cursor=[1] #4 used by P1 (Command)
  → command #4 (ship 1 fleet(s) up to 1, 1 move(s))
  → command: 0 legal origin(s) for fleet 1/1
  cursor=[2] #84 used by P1 (Trade)
  → P1 no eligible card to trade
  cursor=[3] #34 used by P1 (Plan)
P1 plans #90 → Plan (size now 1)
P1 plans #35 → Plan (size now 2)
  Plan delayed by P1 (2 cards)
impulse trim #16 (length now 3)
P1 draws 2 (hand=2, deck=65)
[state turn=3 active=2] H4sIAAAAAAAACrWUSU/cQBCF/0ud36Gr9/ZtNEiAsjCCKJeRFRm7AYsZm3gBRWj+e2RmwU5iccqxu7+qfv2qql/pe2zasq4oYdBNjAUlHKyXXnrQapP9is2y7quOEglalKt6U+ZlbClZ03kTY/GLUtCyb5pYdd/6pqJEgRZ5Vz7HffRb4OohayMltCiKy+1Tv2kjgS7b82wbr54H5i7btBF0UW/jqswf27O6ipR0TR9Bh4hl37R1Q4kGncX8kZK1D2BhYRjM0A5GIng4C2kgLawBCwGFYGA0vIUKUBZSwTpYjRDAEk6DBUNKsIES8AqeoRSMR1AwAqyhJFgE6AAn4MFCwntoD+dgA5SHZrAAK7AwcAFawzhYhrFwDKMgHbyBl9ACFuzAwkO5FHRWtnnWFJSsWThoBWdgFSSkhvTQFuwhA7xDcGCbnkyhZK3hNZROQTcP5dNQmVe6eqkOzn8qq4ISqurizfKhvGKHDwj5T+I+606E+ohQvEtBX+siLrOm2KsaVm/RoJtuQBMq6peKQAOz16aHxEdQzoJhjKlZzI0xPYuZMWZmMWvHnJ3lFI85N8vpyb3+neufxk+d3BpmKOfHFIt3LK+bSJNDnsmh5QSTM5iZmM/z7odJMXnefy8m4HwFzMQxni+BnT5lvgYs1IT08ymnDof5plND6+9/v33jH5r+OsuP/b9qYtuV9/FQjWFwF89ZucluN8OeBF1kw0itOSDwPl1FyToIKJOCvpRVbLLNkD4FfY53HSWvxzG8zdoy/5HX221d0Q50Xd4//H3eV+XPfhjXk6zd8MDD3B03h8/7pHWw8Q+p/qQ0SEgBJ2EFRor/k1i526W733T+z5m+BgAA
— P2 turn 3 phase AddImpulse
P2 places #72 (Mine/Red/1) at bottom of Impulse
  Phase2: P2 uses tech Right (BasicUnique)
P2 moves ship G13 → G26
  cursor=[0] #4 used by P2 (Command)
  → command #4 (ship 1 fleet(s) up to 1, 1 move(s))
  → command: 4 legal origin(s) for fleet 1/1
P2 moves ship N10 → N9
  → activating #78 on N9 (+1 bonus gems from arriving transports)
  → command #78 (ship 1 fleet(s) up to 12, 1 move(s))
  → command: 4 legal origin(s) for fleet 1/1
P2 moves ship N9 → N10
  → Sector Core activated as Yellow: 0 gem(s) + 1 transport(s) → +1 prestige
+1 prestige (SectorCoreActivatedByTransports) → P2 total 8
  cursor=[1] #84 used by P2 (Trade)
P2 discards #92
+3 prestige (TradedCardIcons) → P2 total 11
  cursor=[2] #34 used by P2 (Plan)
P2 plans #1 → Plan (size now 1)
P2 plans #20 → Plan (size now 2)
  cursor=[3] #72 used by P2 (Mine)
  → P2 no eligible card in hand to mine
  plan #1 used by P2 (Draw)
P2 drew #89 (Green/2) → hand
P2 drew #106 (Blue/3) → discard (color Red/Yellow)
  plan #20 used by P2 (Research)
P2 researches #89 into slot Right (replaces Basic Unique (Ariek) — discarded permanently)
+1 prestige (SectorCoreGatesPatrolled) → P2 total 12
impulse trim #4 (length now 3)
P2 draws 2 (hand=3, deck=61)
[state turn=4 active=1] H4sIAAAAAAAACqWUS2/bMBCE/8ue58Dlm7oZCZAEfcRIil4Mo1AkJhZiS6lkJSgC//eCfiRSWyGHHkV+HA5nd/VK32PbVU1NGYNuYywp42C99NKD5uv8V2zPmr7eUiZBs2rerKuiih1lC7poYyx/0RJ01rdtrLff+ramTINmxbZ6jofTe+H5Ku8iZTQry6vNU7/uIoGuuot8E6+fE3Ofr7sIumw2cV4Vj915U0fKtm0fQccTZ33bNe1e/zwWj5QttIORCB7OQhpIC2vAQkAhGBgNb6EClIVUsA5WIwSwhNNgwZASbKAEvIJnKAXjERSMAGsoCRYBOsAJeLCQ8B7awznYAOWhGSzACiwMXIDWMA6WYSwcwyhIB2/gJbSABTuw8FBuCTqvuiJvS8oWLBy0gjOwChJSQ3poC/aQAd4hOLBFkEjXWUgBvXxLhbKF11AaTi5Bt6vqKdXmla5f6pSrBH2q6pIyqptyH3oqsNjhA0L+k3jItydC2o8Ixbsl6GtTxrO8LQ+u0tdeH3S7TWhGZfNSEygxB286CZ9AOQmGIaYmMTfE9CRmhpiZxKwdcnaSUzzk3CSnR/f6d65/Gj51dGuYoJwfUizesaJpI402eUJDyxEmJzAzCp+n0w+jYvJ0/l6MwOkKmFFiPF0CO37KdA1YqBHppyXHCYfpplOp9Q//v0PjH5v+Ji9O/T9vY7etHuKxGmlwZ895tc7v1mlNgi7zNFILDgh8kKspWwQBZZagL1Ud23yd5Jegz/F+S9nraQzv8q4qfhTNZtPUtAPdVA+rv/f7uvrZp3F9s7VLDzzO3WlRjrymlvjDq3+zagUMgwdu/9doG7uYt8UqlsNmCbvdcvcbXtHmVrsGAAA=
— P1 turn 4 phase AddImpulse
P1 places #19 (Mine/Red/2) at bottom of Impulse
  Phase2: P1 uses tech Left (BasicCommon)
P1 discards #91
P1 builds at G20 (available=11)
  cursor=[0] #84 used by P1 (Trade)
  → P1 no eligible card to trade
  cursor=[1] #34 used by P1 (Plan)
  cursor=[2] #72 used by P1 (Mine)
  → P1 no eligible card in hand to mine
  cursor=[3] #19 used by P1 (Mine)
P1 draws #47 (Blue/1) → minerals
  Plan delayed by P1 (2 cards)
impulse trim #84 (length now 3)
P1 draws 2 (hand=2, deck=58)
[state turn=4 active=2] H4sIAAAAAAAACpWUW0/jMBCF/8s8nweP785bBRKgvVDBal+qahUSQyPahE0aEEL97yv3QptdIrSPcT6Pj8+c8Rv9jG1XNTVlDLqNsaSMg/XSSw+aLvPX2J41fb2mTIIm1bRZVkUVO8pmdNHGWL7SHHTWt22s1z/6tqZMgybFunqOu93bjdNF3kXKaFKWV6unftlFAl11F/kqXj8n5j5fdhF02azitCoeu/OmjpSt2z6C9jvO+rZr2m3981g8UjZzFtJAWlgDFgIKwcBoeAsVoCykgnWwGiGAJZwGC4aUYAMl4BU8QykYj6BgBFhDSbAI0AFOwIOFhPfQHs7BBigPzWABVmBh4AK0hnGwDGPhGEZBOngDL6EFLNiBhYdyc9B51RV5W1I2Y+GgFZyBVZCQGtJDW7CHDPAOwYEtgkQ6zkIKaASG1/N3SyibKQ0nwWEOul1UT6kxb3T9Uu+N/1LVJWVUN+XW8dRdscEnhPyQeMjXB0LazwjFJwR/WENs5qDvTRnP8rbc6U5fWwWg23VCMyqbl5pAidmp16nwAZSjYDjF1CjmTjE9iplTzIxi1p5ydpTbuXPg3CinB+f6I9c/nV51cGoYoZw/pVgcsaJpIw1+8kgNLQeYHMHMwHwedz8Mmsnj/nsxAMc7YAaO8XgL7PAq4z1goQakHy85dDiMh06l6O+ex13w96G/yYtD/qdt7NbVQ9x3I4325Dmvlvndcr92maeRmhmJ4HflaspmQUCZOehbVcc2X6byOj08X+P9mrK3wyDe5V1V/Cqa1aqpaQO6qR4W//7v6+p3nwb2XdgmXXE/eYfF9L4f1aZQ/KXWv4u1AobBfNQ7lPr/QtvYxbwtFrE8jUvYbOabPxZumcXcBgAA
— P2 turn 4 phase AddImpulse
P2 places #11 (Trade/Blue/1) at bottom of Impulse
  Phase2: P2 uses tech Left (BasicCommon)
P2 discards #51
P2 moves ship N10 → N11
  → activating #42 on N11 (+1 bonus gem(s) from arriving transports)
  → command #42 (ship 1 fleet(s) up to 1, 1 move(s))
  → command: 4 legal origin(s) for fleet 1/1
P2 moves ship N11 → N10
  → Sector Core activated as Yellow: 0 gem(s) + 1 transport(s) → +1 prestige
+1 prestige (SectorCoreActivatedByTransports) → P2 total 13
  cursor=[0] #34 used by P2 (Plan)
P2 plans #60 → Plan (size now 1)
  cursor=[1] #72 used by P2 (Mine)
  → P2 no eligible card in hand to mine
  cursor=[2] #19 used by P2 (Mine)
P2 draws #76 (Green/2) → minerals
  cursor=[3] #11 used by P2 (Trade)
  → P2 no eligible card to trade
  plan #60 used by P2 (Research)
+1 prestige (SectorCoreGatesPatrolled) → P2 total 14
impulse trim #34 (length now 3)
P2 draws 2 (hand=2, deck=55)
[state turn=5 active=1] H4sIAAAAAAAACpWUW0/jMBCF/8s8nweP785bBRKgvVDBal+qahUSQyPahE0aEEL97yvTFpJdIrSPsT+Pj8+ZyQv9jG1XNTVlDLqOsaSMg/XSSw+ar/Pn2J40fb2lTIJm1bxZV0UVO8oWdNbGWD7TEnTSt22stz/6tqbMgGbFtnqM+9OvheervIuU0awsLzYP/bqLBLrozvJNvHxMzG2+7iLovNnEeVXcd6dNHSnbtn0EHU6c9G3XtJRp0Gks7ilbWAMWAgrBwGh4CxWgLKSCdbAaIYAlnAYLhpRgAyXgFTxDKRiPoGAEWENJsAjQAU7Ag4WE99AezsEGKA/NYAFWYGHgArSGcbAMY+EYRkE6eAMvoQUs2IGFh3JL0GnVFXlbUrZg4aAVnIFVkJAa0kNbsIcM8A7BgS2CRLrOQgpoBIbXMAwroPTyzRLKFk6CA5iXoOtV9ZCCeaHLpzqZKkFfqrqkjOqmfHU8pSt2+ISQHxJ3+fZISPsZoXhA8Ic1xG4J+t6U8SRvy73u9PWqAHS9TWhGZfNUEygxe/U6FT6CchIMQ0xNYm6I6UnMDDEziVk75Owkt3fnyLlJTo/u9e9c/zB86ujWMEE5P6RYvGNF00YabfJEDS1HmJzAzMh8nnY/jMLkaf+9GIHTCZiRYzwdgR0/ZToDFmpE+umSY4fDdNOp1Pr73+O+8Q9Nf5UXx/6ft7HbVnfxkEYa7dljXq3zm/Vh7TxPI7UwEsHvy9WULYKAMkvQt6qObb5O5XX6A32Nt1vKXo6DeJN3VfGraDabpqYd6Kq6W/2739fV7z4N7JuwXXriYfKOi3KkNoX4l1r/JlYaSPsudqzTpZ3/1NnGLuZtsYrlsFvCbrfc/QGBd0Q92wYAAA==
— P1 turn 5 phase AddImpulse
P1 places #98 (Command/Green/3) at bottom of Impulse
  Phase2: P1 uses tech Left (BasicCommon)
P1 discards #52
P1 builds at N8 (available=10)
  cursor=[0] #72 used by P1 (Mine)
  → P1 no eligible card in hand to mine
  cursor=[1] #19 used by P1 (Mine)
P1 draws #65 (Blue/3) → discard (filter mismatch)
  cursor=[2] #11 used by P1 (Trade)
  → P1 no eligible card to trade
  cursor=[3] #98 used by P1 (Command)
  → command #98 (ship 2 fleet(s) up to 12, 1 move(s))
  → command: 2 legal origin(s) for fleet 1/2
P1 moves ship G20 → G22
P1 moves ship N8 → N9
  → activating #78 on N9 (+1 bonus gems from arriving transports)
  → command #78 (ship 1 fleet(s) up to 12, 1 move(s))
  → command: 2 legal origin(s) for fleet 1/1
P1 moves ship N9 → N8
  → activating #96 on N8 (+1 bonus gems from arriving transports)
  → drew #100 (Yellow/2) — discard (size up to 1)
P1 researches #3 into slot Right (replaces Basic Unique (Piscesish) — discarded permanently)
  plan #90 used by P1 (Draw)
P1 drew #95 (Blue/3) → discard (size 1)
P1 drew #54 (Red/1) → hand
P1 drew #86 (Green/1) → hand
  plan #35 used by P1 (Command)
  → command #35 (Transport 1 fleet(s) up to 1, 1 move(s))
  → command: 1 legal origin(s) for fleet 1/1
P1 explores N4: takes #5 (Green/3) into hand
P1 places #5 (Green/3) face-up at N4
P1 moves ship N8 → N4
  → activating #5 on N4 (+1 bonus gems from arriving transports)
P1 drew #39 (Yellow/2) → hand
P1 drew #36 (Blue/1) → hand
+1 prestige (SectorCoreGatesPatrolled) → P1 total 12
impulse trim #72 (length now 3)
P1 draws 2 (hand=6, deck=45)
[state turn=5 active=2] H4sIAAAAAAAACq2UTU/jMBCG/8uc34PH384NgQRoP6hgtZeqWoXE0Ig2QUkLQqj/fWXaQrLC4rLHxI9n3nlnxq/0O/ZD07VUMOgmxpoKDtZLLz1otipfYn/abdsNFRJ00sy6VVM1caBiTud9jPULLUCn276P7ebXtm+pMKCTatM8xf3tt4uzZTlEKuikri/Xj9vVEAl0OZyX63j1lJi7cjVE0EW3jrOmehjOujZSsem3EXS4cbrth66nQoPOYvVAxdxqhACWcBosGFKCDZSAV/AMpWA8goIRYA0lwSJABzgBDxYS3kN7OAcboDw0gwVYgYWBC9AaxsEyjIVjGAXp4A28hBawYAcWHsotQGfNUJV9TcWchYNWcAZWQUJqSA9twR4ywDsEB7YIEimdhRTQCAyvYRhWQGkYCWvAQiAIBANl4OTi3YqUJYAZwS9AN8vmMTXkla6e24Ph35q2poLarn5zOnVV7PAFIT8l7svNkZD2K0LxiOBPY8hPiZEOvVuAfnZ1PC37el9Y+nqTCLrZpFgF1d1zS6DE7MvTKe4RlFkwjDGVxdwY0x/Y9nEEmTFksrGsHXM2y+3NO3Iuy+lJXp8RFyZZQ4Zyfkyx+MCqro80OeRMDC0nmMy5NbGe896HSStZZ0EvJmC+A2biGOdbYKel5HvAQk1Inw85dTjkR06lwd+/mvuxP4z8dVkdp3/Wx2HT3MeDzWnzT57KZlXertI/Aboo0z7NjYa3UAHKQirY9EbNVmVLxXwB+tG0sS9XKYtOJ9/j3YaK1+My3pZDU/2puvW6a2kHum7ul+PzPg6x7KtlrMfTu0t1HpbvKDm9/R+SUyf/kezfFUsDaXMqXTr5Hyp92O0Wu7/lMSBT9wYAAA==
— P2 turn 5 phase AddImpulse
P2 places #26 (Command/Yellow/2) at bottom of Impulse
  Phase2: P2 uses tech Left (BasicCommon)
P2 discards #25
P2 builds at N12 (available=7)
  cursor=[0] #19 used by P2 (Mine)
P2 draws #64 (Green/3) → discard (filter mismatch)
  cursor=[1] #11 used by P2 (Trade)
  → P2 no eligible card to trade
  cursor=[2] #98 used by P2 (Command)
  → command #98 (ship 3 fleet(s) up to 12, 1 move(s), +1 boost)
  → command: 4 legal origin(s) for fleet 1/3
P2 moves ship N10 → N11
P2 moves ship N12 → N11
P2 moves ship N12 → N11
P2 explores N16: takes #62 (Blue/2) into hand
P2 places #62 (Blue/2) face-up at N16
P2 moves ship G31 → G29
  → activating #42 on N11 (+3 bonus gems from arriving transports)
  → command #42 (ship 1 fleet(s) up to 2, 1 move(s), +1 boost)
  → command: 3 legal origin(s) for fleet 1/1
P2 explores N15: takes #55 (Yellow/3) into hand
P2 places #55 (Yellow/3) face-up at N15
P2 moves ship N11 → N15
  → activating #55 on N15 (+1 bonus gems from arriving transports)
  → command #55 (ship 1 fleet(s) up to 2, 1 move(s))
  → command: 4 legal origin(s) for fleet 1/1
P2 moves ship N15 → N11
  → activating #42 on N11 (+1 bonus gems from arriving transports)
  → command #42 (ship 1 fleet(s) up to 1, 1 move(s))
  → command: 3 legal origin(s) for fleet 1/1
P2 moves ship N11 → N15
  → activating #55 on N15 (+1 bonus gems from arriving transports)
  → command #55 (ship 1 fleet(s) up to 2, 1 move(s))
  → command: 4 legal origin(s) for fleet 1/1
P2 moves ship N15 → N11
  → activate #42: max chain depth (4) reached; skip
  cursor=[3] #26 used by P2 (Command)
  → command #26 (ship 1 fleet(s) up to 1, 1 move(s))
  → command: 3 legal origin(s) for fleet 1/1
P2 moves ship N11 → N15
  → activating #55 on N15 (+1 bonus gems from arriving transports)
  → command #55 (ship 1 fleet(s) up to 2, 1 move(s))
  → command: 4 legal origin(s) for fleet 1/1
P2 moves ship N11 → N15
P2 moves ship N11 → N15
  → activating #55 on N15 (+2 bonus gems from arriving transports)
  → command #55 (ship 1 fleet(s) up to 2, 2 move(s), +1 boost)
  → command: 3 legal origin(s) for fleet 1/1
P2 moves ship N15 → N11
P2 moves ship N15 → N11
  → activating #42 on N11 (+2 bonus gems from arriving transports)
  → command #42 (ship 1 fleet(s) up to 2, 1 move(s), +1 boost)
  → command: 4 legal origin(s) for fleet 1/1
P2 moves ship N11 → N15
  → activating #55 on N15 (+1 bonus gems from arriving transports)
  → command #55 (ship 1 fleet(s) up to 2, 1 move(s))
  → command: 4 legal origin(s) for fleet 1/1
P2 moves ship N11 → N15
  → activate #55: max chain depth (4) reached; skip
+1 prestige (SectorCoreGatesPatrolled) → P2 total 15
impulse trim #19 (length now 3)
P2 draws 2 (hand=2, deck=42)
[state turn=6 active=1] H4sIAAAAAAAACq2UW0/bQBCF/8s8n4edva/fIpAA9UIEVV+iqDL2QiwSG9kJCKH892oDKXbFqlXVR3u+nTl7ZnZe6Hvsh6ZrqWDQdYw1FRysl1560HxdPsf+pNu1WyokaNbMu3VTNXGgYkFnfYz1My1BJ7u+j+32265vqbCgWbVtHuPr6UPi+aocIhU0q+uLzcNuPUQCXQxn5SZePibmtlwPEXTebeK8qe6H066NVGz7XQS9nTjZ9UPXU6FBp7G6p2LhNFgwpAQbKAGv4BlKwXgEBSPAGkqCRYAOcAIeLCS8h/ZwDjZAeWgGC7ACCwMXoDWMg2UYC8cwCtLBG3gJLWDBDiw8lFuCTpuhKvuaigULB63gDKyChNSQHtqCPWSAdwgObBEkUjkLKaARGF7DMKyA0jAS1oCFQBAIBsrASUgDq8Fh+cuKVI4RPKRdgq5XzUNqyAtdPrXJTAn61LQ1FdR29cHp1FWzxz8Rd+X2SEj7RyKMCP6QkB8SIx36L4QuQV+7Op6Uff169fR1iIGut6laQXX31BIoMYeIOCQ+gjILhjGmspgbY/od2z2MIDOGTDaXtWPOZjnFY85lOT2p6zPiwqRqyFDOjykW71jV9ZEmQc7k0HKCyZxbE+s5732YtJJ1FvRiAppc4YlfbDOYnV4j7z8LNSF9vvNTd0N+3FQa+ted+jryb+N+VVbHyZ/3cdg2d/HN4rQXZo9lsy5v1umfAJ2X6TEtjIa3UAHKQirYtMrm67KlYrEEfWna2JfrVEWnyOd4u6Xi5fgSb8qhqX5U3WbTtbQHXTV3q3G8j0Ms+2oV6/Hk7tM93x7eUbKcSE7N+U2y+6U4BLDMqXRpDf4PlT7s98v9TyVmZA0VBwAA
— P1 turn 6 phase AddImpulse
P1 places #36 (Trade/Blue/1) at bottom of Impulse
  Phase2: P1 uses tech Right (Researched)
P1 drew #74 (Red/2) → hand
P1 drew #101 (Red/1) → hand
  cursor=[0] #11 used by P1 (Trade)
P1 discards #74
+2 prestige (TradedCardIcons) → P1 total 14
  cursor=[1] #98 used by P1 (Command)
  → command #98 (ship 2 fleet(s) up to 12, 1 move(s))
  → command: 2 legal origin(s) for fleet 1/2
P1 moves ship N4 → N9
  → command: fleet 2/2 skipped
  → activating #78 on N9 (+1 bonus gems from arriving transports)
  → command #78 (ship 1 fleet(s) up to 12, 1 move(s))
  → command: 2 legal origin(s) for fleet 1/1
P1 moves ship N9 → N4
  → activating #5 on N4 (+1 bonus gems from arriving transports)
P1 drew #22 (Blue/1) → hand
P1 drew #15 (Red/1) → hand
  cursor=[2] #26 used by P1 (Command)
  → command #26 (ship 1 fleet(s) up to 1, 1 move(s))
  → command: 2 legal origin(s) for fleet 1/1
P1 explores N1: takes #104 (Red/1) into hand
P1 places #15 (Red/1) face-up at N1
P1 moves ship N4 → N1
  → activating #15 on N1 (+1 bonus gems from arriving transports)
  → bomb 1: drew #30 (Blue/1) — miss
  → Sabotage: 0 hit(s), destroying 0/1 ship(s) of P2
  cursor=[3] #36 used by P1 (Trade)
P1 discards #39
+2 prestige (TradedCardIcons) → P1 total 16
+1 prestige (SectorCoreGatesPatrolled) → P1 total 17
impulse trim #11 (length now 3)
P1 draws 2 (hand=9, deck=35)
[state turn=6 active=2] H4sIAAAAAAAACq2VS0/bQBSF/8tdn8W8H95FIAHqgwiqbqKoMvZALBIbjR0QQvnv1ZCksStGraou7fnG59wzd67f6HuIfdO1VHDQbQg1FdwbJ5xwoPm6fA3xrNu2AxUCNGvm3bqpmtBTsaCLGEL9SkvQ2TbG0A7ftrGlwoBm1dA8h/3u943zVdkHKmhW11ebp+26DwS66i/KTbh+Tsx9ue4D6LLbhHlTPfbnXRuoGOI2gA47zrax7yIVCnQeqkcqFlJCO3gJzcAVpABnHsrDMjhwJuAclIO1MB7SQXFwBi7BmYb1UArawnBoA8uhJYSF03ACisGAW3DmIO0SdN70VRlrKhacWSgJq2EkBISCcFAG3EF4OAtvwQ28QJIzEAwKnsMpaA7DIBW0gNHgjMEzeA2pYQWEhlHgHlZBMkgPzpe/AqBi4R2EgTRL0O2qeUrH8EbXL+0h5k9NW1NBbVe/55vOUu/wT8RDORwJYf5I+BHBPyTEh8TYx18YXYK+dnU4K2O9Lz09va+BboekVtD2iUCJOBV3pMSJqruXdsT5MSazmB1jKqM5kdTZbxkz5kyWk3zM2SynJrouY85PVH2Gsm5McXbCqi4GmizmoldigolcWpPoeT57ryagyoKOTUCdE57kxU0GM9My8vlzJieky5/8NF2fbzeZOn4/Rvf9fuj1m7I6tv08hn5oHsLBWxoKs+eyWZd36/SOgS7LdJMWWsEZCAmThhqHSNNSwUm4NGPm67KlYrEEfWnaEMt1ElRp8H0O9wMVb8cbeVf2TfWj6jabrqUd6KZ5WI3XY+hDGatVqMdNvEslH+7g0X36L5zcp3P6zb39Zd57cJFzadM4/B8und/tlrufgi+w5xMHAAA=
— P2 turn 6 phase AddImpulse
P2 places #99 (Trade/Blue/1) at bottom of Impulse
  Phase2: P2 uses tech Left (BasicCommon)
P2 discards #12
P2 builds at G28 (available=6)
  cursor=[0] #98 used by P2 (Command)
  → command #98 (ship 3 fleet(s) up to 12, 1 move(s), +1 boost)
  → command: 4 legal origin(s) for fleet 1/3
P2 moves ship N15 → N11
P2 moves ship N15 → N11
P2 moves ship G28 → G25
P2 moves ship G29 → G25
  → activating #42 on N11 (+2 bonus gems from arriving transports)
  → command #42 (ship 1 fleet(s) up to 2, 1 move(s), +1 boost)
  → command: 4 legal origin(s) for fleet 1/1
P2 moves ship N11 → N15
  → activating #55 on N15 (+1 bonus gems from arriving transports)
  → command #55 (ship 1 fleet(s) up to 2, 1 move(s))
  → command: 4 legal origin(s) for fleet 1/1
P2 moves ship N11 → N15
  → activating #55 on N15 (+1 bonus gems from arriving transports)
  → command #55 (ship 1 fleet(s) up to 2, 1 move(s))
  → command: 3 legal origin(s) for fleet 1/1
P2 moves ship N15 → N11
P2 moves ship N15 → N11
  → activating #42 on N11 (+2 bonus gems from arriving transports)
  → command #42 (ship 1 fleet(s) up to 2, 1 move(s), +1 boost)
  → command: 4 legal origin(s) for fleet 1/1
P2 moves ship N11 → N15
P2 moves ship N11 → N15
  → activate #55: max chain depth (4) reached; skip
  cursor=[1] #26 used by P2 (Command)
  → command #26 (ship 1 fleet(s) up to 1, 1 move(s))
  → command: 3 legal origin(s) for fleet 1/1
P2 moves ship N15 → N11
  → activating #42 on N11 (+1 bonus gems from arriving transports)
  → command #42 (ship 1 fleet(s) up to 1, 1 move(s))
  → command: 4 legal origin(s) for fleet 1/1
P2 moves ship N15 → N11
  → activating #42 on N11 (+1 bonus gems from arriving transports)
  → command #42 (ship 1 fleet(s) up to 1, 1 move(s))
  → command: 4 legal origin(s) for fleet 1/1
P2 moves ship N15 → N11
  → activating #42 on N11 (+1 bonus gems from arriving transports)
  → command #42 (ship 1 fleet(s) up to 1, 1 move(s))
  → command: 3 legal origin(s) for fleet 1/1
P2 moves ship N11 → N15
  → activating #55 on N15 (+1 bonus gems from arriving transports)
  → command #55 (ship 1 fleet(s) up to 2, 1 move(s))
  → command: 4 legal origin(s) for fleet 1/1
P2 moves ship N15 → N11
  → activate #42: max chain depth (4) reached; skip
  cursor=[2] #36 used by P2 (Trade)
  → P2 no eligible card to trade
  cursor=[3] #99 used by P2 (Trade)
  → P2 no eligible card to trade
+2 prestige (SectorCoreGatesPatrolled) → P2 total 17
impulse trim #98 (length now 3)
P2 draws 2 (hand=2, deck=33)
[state turn=7 active=1] H4sIAAAAAAAACq2US0/jMBSF/8tdn4Xfj+wqkADNgwpGs6mqUUgMjWgT5KQghPrfR+5jSCQspBFL2599jo+v7xv9DrFvupYKDroNoaaCe+OEEw40X5evIZ5123agQoBmzbxbN1UTeioWdBFDqF9pCTrbxhja4dc2tlRY0Kwamudw2L0/eL4q+0AFzer6avO0XfeBQFf9RbkJ18+JuS/XfQBddpswb6rH/rxrAxVD3AbQccfZNvZdpEKBzkP1SMXCS2gGriAFOPNQHpbBgTMB56AcrIXxkA6KgzNwCc40rIdS0BaGQxtYDi0hLJyGE1AMBtyCMwdpl6Dzpq/KWFOx4MxCSVgNIyEgFISDMuAOwsNZeAtu4AWSnIFgUPAcTkFzGAapoAWMBmcMnsFrSA0rIDSMAvewCpJBenAOLuDd8l8AVCyEgTTwfgm6XTVP6Rne6PqlTREK0Lemramgtqv3+aa35Dv8F/FQDidCmE8JPSL4h4T4kBj7+AKjercE/ezqcFbG+hBOGu13g26HhBa0fSJQIvbze+snSrxTdffSjjg/xmQWs2NMZTQnkjp7ljFjzmQ5yceczXJqousy5vxE1Wco68YUZ+9Y1cVAk8Vc9EpMMJFLaxI9z2fv1QRUWdCxCahzwpO8uMlgZnqNfP6cyQnp8i8/Tdfny02mij802kO9H2v9pqxOZT+PoR+ah3D0ltrG7Lls1uXdOs0x0GWZftJCKzgDIWFS8+MQqasqOAnHDyotFYsl6EfThliuk6BKDfJ7uB+oeDv9yLuyb6o/VbfZdC3tQDfNw2q8HkMfylitQj0u4l268vEPntyLz9ybf+alhE698kOX1nyRS+d3u+XuL64W4qc1BwAA
— P1 turn 7 phase AddImpulse
P1 places #81 (Command/Yellow/1) at bottom of Impulse
  Phase2: P1 uses tech Left (BasicCommon)
P1 discards #54
P1 explores N5: takes #66 (Green/2) into hand
P1 places #83 (Blue/2) face-up at N5
P1 moves ship N1 → N5
  → activating #83 on N5 (+1 bonus gem(s) from arriving transports)
P1 discards #66
+2 prestige (TradedCardIcons) → P1 total 19
P1 discards #86
+1 prestige (TradedCardIcons) → P1 total 20
=== P1 wins (prestige 20) ===