# impulse log opened 2026-05-04T09:52:30.8756591-04:00
# resumed from snapshot — turn 4, active P1
[state turn=4 active=1] H4sIAAAAAAAACrWUS0/cMBSF/8tdn4Xfj+xGIAHqgxFU3YyiKiQGImYSmkxAFZr/XnleJC0WEmqXyf18fHzutV/oe+j6um0o46DrECrKuNZMK2UcaL4sfoXupB2aNWUCNKvn7bIu69BTtqCzLoTqF+Wgk6HrQrP+NnQNZQo0K9f1U9it3irP74s+UEazqrpYPQ7LPhDooj8rVuHyKTK3xbIPoPN2FeZ1+dCftk2gbN0NAbRfcTJ0fdtt9U9D+UDZQns4GAMvoBmMgzDwDJqDOygNbiA8hITTMBzWgjMFZ2EVuIVl8BwCnAkIB65gDTiDErAO2kLEmoWC81AKTsEZKAapIGE1HIPUEAoqrpPgTENaaA2uwZmBE7BQEkbDSWgBb3PQad2XRVdRtvAGikN5aAUuYRSsh+TgkB5Cw1hIAS3BPbyHhnPQJj9GQtlCxq0dOOM56Pq+foyteaHL52Yf/ae6qSijpq22mccGsw0+RNwV6yMhR4R4U4O/S4gPEmMf9j2n4l8Tb/vwmxz0ta3CSdFVux7Er20NdL2OaEZV+9wQKDKxora6B04kOcPGnExzY0y9YsPjCPJjSCe1vBxzJiWmx5RNqjk+5lxCjbPJQX1qUzemOHvFyrYLNCny5FaTHLhIcGaKpbPfzeoRTKUvJ7HydP52khg3SVBO00j3QE1Bl269moA+CQoWp373zu9mfj/vV0V5mMF5F/p1fRf24cUXavZU1MviZhm2c3VexMu0kAxGgHNYudNsKFvkoC91E7piGeVz0Odwu6bs5XADb4q+Ln+U7WrVNrQBXdV393/Xh6b+OcSberS1iQfc37nDTzH2Gvvyh1V7tGoktIOwsOK/WxWbTb75DeH7sLanBwAA
— P1 turn 4 phase AddImpulse
P1 places #11 (Trade/Blue/1) at bottom of Impulse
  Phase2: P1 uses tech Left (BasicCommon)
P1 discards #30
P1 moves ship N10 → N14
P1 moves ship N10 → N14
  → activating #33 on N14 (+2 bonus gem(s) from arriving transports)
P1 builds at G27 (available=5)
P1 builds at G27 (available=4)
P1 builds at G27 (available=3)
  cursor=[0] #36 used by P1 (Trade)
  → P1 no eligible card to trade
  cursor=[1] #108 used by P1 (Draw)
P1 drew #59 (Blue/1) → hand
P1 drew #8 (Green/1) → hand
  cursor=[2] #101 used by P1 (Research)
  cursor=[3] #11 used by P1 (Trade)
P1 discards #73
+1 prestige (TradedCardIcons) → P1 total 14
+2 prestige (SectorCoreGatesPatrolled) → P1 total 16
impulse trim #36 (length now 3)
P1 draws 2 (hand=5, deck=56)
[state turn=4 active=2] H4sIAAAAAAAACr2VW0/bQBCF/8s8n4edva/fEEiAeiGCqi9RVBl7AYvEpnYMQij/vdoEgt1iIaG2j/Z8M3v2zIz9RN9j21VNTRmDLmIsKWNjhNHaetBsmT/G9rDp6zVlEnRQzZplVVSxo2xOx22M5SMtQId928Z6/a1va8o06KBYV/dxl71NnN3kXaSMDsrydHXXL7tIoNPuOF/Fs/vEXOXLLoJOmlWcVcVtd9TUkbJ120fQc8Zh33ZNu61/FItbyuZGwHpIiyBgGOyhDdhCBkgFb2AZzoGFhndwGuzgBAJDgoWE9GANZ8ECWsJ5GAeZYg4aPkBreA1voQWUhoIz8ALKQGrolKfAwkA5GAM2YGHhJRy0gjXwCkYiuAXoqOqKvC0pmwcLzdABRoMVrIYLUAyGCpAG1kFJGAUOCAEG3sNYKAGnoOxibwhlcxYeLBjMC9DFTXWXGvNEZw91MpVBn6q6pIzqptw6ntqrN/gQcZ2v94QaEPLNGvwuIT9IDHW495TKv028rSP8Jx0L0NemjId5W+46nZ62CkAX64RmVDYPNYESkyJ6W/eFk5OcFUNOTXNDTL9i/d0ACkPITNYKasjZqWJmSLnJap6HnJ+oxmJ00TB1qB9SLF6xomkjjYI8edTIB5YTnB1j097vNmIPTrmvRrbytP9u5BjbSVCN3ZjugR6Dfrr1egSGSVCKNPW7f8lu5p/n/TwvXmZw1sZuXV3H5zuk7+DBfV4t88tl3M7ySZ6WaW4lTICHtQhyV7WmbL4Afanq2ObLdMAC9DlerSl7etnBy7yrih9Fs1o1NW1A59X1zZ/xvq5+9mlX98I26YrPW/fyMv0M92pTZ34T617FKhgP6eD+vVS52Sw2vwD7Tg/3DQgAAA==
— P2 turn 4 phase AddImpulse
P2 places #27 (Build/Blue/2) at bottom of Impulse
  Phase2: P2 uses tech Left (BasicCommon)
P2 discards #58
P2 moves ship N11 → N6
  → activating #95 on N6 (+1 bonus gem(s) from arriving transports)
P2 draws #50 (Green/2) → discard (filter mismatch)
  cursor=[0] #108 used by P2 (Draw)
P2 drew #68 (Blue/2) → hand
P2 drew #26 (Yellow/2) → discard (color Blue/Green)
  cursor=[1] #101 used by P2 (Research)
  cursor=[2] #11 used by P2 (Trade)
P2 discards #72
+1 prestige (TradedCardIcons) → P2 total 6
  cursor=[3] #27 used by P2 (Build)
P2 builds at N6 (available=6)
+1 prestige (SectorCoreGatesPatrolled) → P2 total 7
impulse trim #108 (length now 3)
P2 draws 2 (hand=4, deck=51)
[state turn=5 active=1] H4sIAAAAAAAACsWVS0/bQBSF/8tdn8W8H95FQQLUBxFU3URRZewBLBKb2jEIofz3avLCbhkhoVZd2vPNmTPn3mu/0PfQdlVTU8ZBVyGUlHGtmVbKONBsmT+Hdtr09ZoyAZpUs2ZZFVXoKJvTaRtC+UwL0LRv21Cvv/VtTZkGTYp19Rh2u7fKs7u8C5TRpCzPVw/9sgsEOu9O81W4eIzMTb7sAuisWYVZVdx3J00dKFu3fQDtd0z7tmtayhToJBT3lM25g9LgBsJDSDgNw2EtOFNwFlaBW1gGzyHAmYBw4ArWgDMoAeugLURcs1BwHkrBKTgDxSAVJKyGY5AaQkHFfRKcaUgLrcE1ODNwAhZKwmg4CS3g7QJ0UnVF3paUzb2B4lAeWoFLGAXrITk4pIfQMBZSQEtwD++h4Ry0gWSwEtJAO2gGYWCjU7c4JhIjYBycQ8QTr+6qh1iYF7p4qvfBf6rqkjKqm3KbeCyv2uBDxG2+PhJyQIi3NMx7ABcfJIY27HtGxd8m3vbh/6OPUegL0NemDNO8LXedEJ+2FkFX66iVUdk81QSKTFxRW9kDJ5KcYUNOprkhpl6x/mEA+SGkk1peDjmTEtNDyibVHB9yLqHG2eiiPnWoG1KcvWJF0wYaLfLkUaMcuEhwZoyls9+NzBFMpS9HsfJ0/naUGDdJUI7TSNdAjUGXLr0agT4JCha7fvev2fX8vt8v8+LQg7M2dOvqNuzvEL+Tk8e8WubXy7Dt5bM8ztLcCGgPB2PgxU61pmy+AH2p6tDmy3jAAvQ53KwpezmM4HXeVcWPolmtmpo2oMvq9u7P9b6ufvZxVI/GNvGK+6k7vBRDtzHH38yaV7MSxsEzaP7PrYrNZrH5BRIGdkMtCAAA
— P1 turn 5 phase AddImpulse
P1 places #8 (Plan/Green/1) at bottom of Impulse
  Phase2: P1 uses tech Left (BasicCommon)
P1 discards #92
P1 moves ship N14 → N9
P1 moves ship N14 → N9
  → activating #98 on N9 (+2 bonus gem(s) from arriving transports)
  → command #98 (ship 3 fleet(s) up to 12, 1 move(s), +1 boost)
  → command: 3 legal origin(s) for fleet 1/3
  ⚔ Battle at G17: P1 (6 cruisers) attacks P2
  ⚔ P2 reinforces with #63
  ⚔ P2 reinforces with #68
  ⚔ P2 reinforces with #51
  ⚔ P2 reinforces with #90
  ⚔ P1 reinforces with #62
  ⚔ P1 reinforces with #59
  ⚔ P1 reinforces with #66
  ⚔ P2 BLUFF revealed #63 (Blue/3) — returned to hand
  ⚔ P2 BLUFF revealed #51 (Green/3) — returned to hand
  ⚔ P2 BLUFF revealed #90 (Green/2) — returned to hand
  ⚔ P1 BLUFF revealed #66 (Green/2) — returned to hand
  ⚔ P2 draws cruiser-card #18 (Red/3)
  ⚔ P1 draws cruiser-card #45 (Red/3)
  ⚔ P1 draws cruiser-card #16 (Yellow/1)
  ⚔ P1 draws cruiser-card #29 (Red/1)
  ⚔ P1 draws cruiser-card #23 (Green/1)
  ⚔ P1 draws cruiser-card #85 (Red/1)
  ⚔ P1 draws cruiser-card #61 (Red/2)
  ⚔ Totals: P1=12 vs P2=5
  ⚔ Winner: P1
P2's ship at G17 destroyed (returned to pool)
P1 moves ship G27 → G17
P1 moves ship G27 → G17
P1 moves ship G27 → G17
P1 moves ship G27 → G17
P1 moves ship G27 → G17
P1 moves ship G27 → G17
+1 prestige (BattleWon) → P1 total 17
+1 prestige (ShipsDestroyed) → P1 total 18
!! BATTLE RESULT @ G17

Attacker: P1 (6 cruisers)
  reinforcements: #62 (Blue/2), #59 (Blue/1)
  bluffs (returned): #66 (Green/2)
  cruiser draws:  #45 (Red/3), #16 (Yellow/1), #29 (Red/1), #23 (Green/1), #85 (Red/1), #61 (Red/2)
  total icons:    12

Defender: P2
  reinforcements: #68 (Blue/2)
  bluffs (returned): #63 (Blue/3), #51 (Green/3), #90 (Green/2)
  cruiser draws:  #18 (Red/3)
  total icons:    5

Winner: P1 (+1 prestige for the win, +1 per ship destroyed).
Ships destroyed: 1.
P1 prestige now 18.
P1 moves ship N9 → N10
P1 moves ship N9 → N10
P1 moves ship G13 → G26
  → Sector Core activated as Red: 0 gem(s) + 2 transport(s) → +2 prestige
+2 prestige (SectorCoreActivatedByTransports) → P1 total 20
=== P1 wins (prestige 20) ===