# impulse log opened 2026-05-04T09:30:21.5898490-04:00
# resumed from snapshot — turn 1, active P1
[state turn=1 active=1] H4sIAAAAAAAACrWU207bQBCG32Wu/4s9H3wXBQlQD0RQ9SaKKmMvYOHY1AcQQnn3auMk2GpdVUi93J1vZmfnn5k3+h6atqgrSjjoJoScEq4100oZB1qV6WtolnVfdZQI0KJY1WWRFaGlZE3nTQj5K21Ay75pQtV965sh0CLriucweO8vVg9pGyihRZ5fbp/6sg0EumzP0224eo7MXVq2AXRRb8OqyB7bs7oKlHRNH0AHj2XftHVDCQOdheyRkrU20ApCQxpwCaNgPSSHFODMgTMODSPAPTiHldAOzkFYWAHt4WAMvIBmMA7CwDNoDu6gNLiB8BASTsNwWAvOFJyFVeAWlsFzxIcEhANXsAacQQlYB20hos1CwXkoBafgDBSDVJCwGo5BaggFFf0kONOQFlqDa3Bm4AQslITRcBJawNsN6Kxos7TJKVlvTpUZDjcPxVPU5Y2uXqpD3T8VVU4JVXW+L3hOidvhI8B92h0BwUaE+FMILj5IjF9xuw3oa52HZdrkw7/iae8NuukimlBev1QEiky0KBvjHjkxyxk25uQ8N8bULCblmNOznJ9wZp7TY87Oco6POffO9U8jirPJb/38s2OMs3cuq5tAE+NfJJhGETNJmSk2L8HQKidwXgQ9KS6fV8FOqsbnZZBuAs7roKagm6+wmoDzUggW23/YoEPzHxr/Os2OzbhqQtsV92G/EvfTv3hOizK9LcNe5Ys0DtVaMnB4A+9g4gZZlWk1bIwvRRWatIzxN6DP4a6j5O04i7dpW2Q/snq7rSvaga6L+4ff7X1V/OzjzJ7y2sUfHqbveCn+PVkPxeE9OPMw8r+nK3a7ze4XJKG11QYHAAA=
— P1 turn 1 phase AddImpulse
P1 places #67 (Refine/Green/1) at bottom of Impulse
  Phase2: P1 uses tech Left (BasicCommon)
P1 discards #96
P1 explores N9: takes #9 (Red/2) into hand
P1 places #98 (Green/3) face-up at N9
P1 moves ship N8 → N9
P1 moves ship N8 → N9
  → activating #98 on N9 (+2 bonus gem(s) from arriving transports)
  → command #98 (ship 3 fleet(s) up to 12, 1 move(s), +1 boost)
  → command: 2 legal origin(s) for fleet 1/3
P1 moves ship G20 → G22
P1 moves ship N9 → N10
P1 moves ship N9 → N10
  → command: no legal origins for fleet 3/3 (convergence: [N10])
  → Sector Core activated as Red: 0 gem(s) + 2 transport(s) → +2 prestige
+2 prestige (SectorCoreActivatedByTransports) → P1 total 2
  cursor=[0] #67 used by P1 (Refine)
  → P1 no matching mineral to refine
+1 prestige (SectorCoreGatesPatrolled) → P1 total 3
P1 draws 2 (hand=5, deck=78)
[state turn=1 active=2] H4sIAAAAAAAACrWUW0/bQBCF/8s8n4e9X/wWBQlQL0RQ9SWKKmMvYJHY1BdQhfLfq41JsNVuH5D6aM83s7NzzuwrfQ9tVzU1ZRx0E0JJGdeaaaWMA622+a/QLpuh7ikToEW1arZVUYWOsjWdtyGUv2gDWg5tG+r+29COhRZFXz2HMfuQuHrIu0AZLcrycvc0bLtAoMvuPN+Fq+fI3OXbLoAuml1YVcVjd9bUgbK+HQLoLWM5tF3THuqfheKRsrXQkAZcwihYD8khBThz4IxDwwhwD85hJbSDcxAWVkB7OBgDL6AZjIMw8AyagzsoDW4gPISE0zAc1oIzBWdhFbiFZfAc8SAB4cAVrAFnUALWQVuIGLNQcB5KwSk4A8UgFSSshmOQGkJBxTwJzjSkhdbgGpwZOAELJWE0nIQW8HYDOqu6Im9LytbebE5ToWxtYvTmoXqKqrzS1UsdJ8pBn6q6pIzqpjyMO2rL9vgQcZ/3R0KICSH+WuOjxPQUt9+AvjZlWOZtOd4sfh2yQTd9RDMqm5eaQJGJEWVj3SMnkpxhU06muSmmkpiUU04nOT/jTJrTU84mOcennHvnhqcJxdnstj6BeTelOHvHiqYNNAv+QwE/A0XiMDPH0gqMTjmBaQ30bLY8LYKdDY2nVZDzgaRlUHPQpXVVM9AnQcGi+8cHdPT+m++v8+LoxVUbur66D6N/4/ovnvNqm99uw0Hkizzu1FoycHhoA63GmjVl6w3oS1WHNt/G8hvQ53DXU/Z63MTbvKuKH0Wz2zU17UHX1f3Dn/Ghrn4OcWNPbe3jBd927/gzvv+nXqOt0r16KA7vwZmHkf+9XbHfb/a/AYiQZpEEBwAA
— P2 turn 1 phase AddImpulse
P2 places #99 (Trade/Blue/1) at bottom of Impulse
  Phase2: P2 uses tech Left (BasicCommon)
P2 discards #41
P2 explores N11: takes #49 (Green/2) into hand
P2 places #109 (Blue/2) face-up at N11
P2 moves ship G28 → G25
  cursor=[0] #67 used by P2 (Refine)
  → P2 no matching mineral to refine
  cursor=[1] #99 used by P2 (Trade)
P2 discards #49
+2 prestige (TradedCardIcons) → P2 total 2
+1 prestige (SectorCoreGatesPatrolled) → P2 total 3
P2 draws 2 (hand=4, deck=76)
[state turn=2 active=1] H4sIAAAAAAAACrXUW0vjQBQH8O9ynv8Pc7/kTSqo7MWiy76UIjEZNdgmbi6KSL/7Mk2rCbsDi7CPzfzmzMy59I1+hrarmpoyDroOoaSMa820UsaBlpv8NbSLZqh7ygTopFo2m6qoQkfZis7aEMpXWoMWQ9uGuv8xtPXoir56DuPufeTlQ94FyuikLC+2T8OmCwS66M7ybbh8juYu33QBdN5sw7IqHrvTpg6U9e0QQIcdi6HtmnYf/zQUj5StuIRRsB6SQwpw5sAZh4YR4B6cw0poB+cgLKyA9nAwBl5AMxgHYeAZNAd3UBrcQHgICadhOKwFZwrOwipwC8vgOeJBAsKBK1gDzqAErIO2EHHNQsF5KAWn4AwUg1SQsBqOQWoIBRX3SXCmIS20BtfgzMAJWCgJo+EktIC3a9Bp1RV5W1K28gaKQ/n1e1YoWxkLH79cP1RPsTBvdPlSHxL/papLyqhuyn3GY3nZDp8S93l/FEJMhPhrjM+K6Sl6twZ9b8qwyNtyfFn8td8Nuu4jzahsXmoCRRNXlI1xj04knWFTJ9NuylSSSTl1Oun8zJm001Nnk87xqXMfbniaKM5mr/UJ5t1UcfbBiqYNNFvkyaP8zImEM3OWLsDYKO8wXQI9Sy1P18DOcsbTRZDzfKSroObQpcuqZtAnoWCx+ce/0LH1D21/lRfHVly2oeur+zC2b5z+k+e82uS3m7Cv8XkeR2olGTg8tIFWY8yastUa9K2qQ5tvYvg16Gu46yl7Ow7ibd5VxU3RbLdNTTvQVXX/8Of6UFe/hjiw79faxQceRu/4Ufz7XT2MhNCQ5r9fVex2691v5JBQzgIHAAA=
— P1 turn 2 phase AddImpulse
P1 places #56 (Command/Yellow/1) at bottom of Impulse
  Phase2: P1 uses tech Left (BasicCommon)
P1 discards #54
P1 moves ship N10 → N9
P1 moves ship N10 → N9
  → activating #98 on N9 (+2 bonus gem(s) from arriving transports)
  → command #98 (ship 3 fleet(s) up to 12, 1 move(s), +1 boost)
  → command: 2 legal origin(s) for fleet 1/3
P1 explores N4: takes #33 (Blue/3) into hand
P1 places #9 (Red/2) face-up at N4
P1 moves ship N9 → N4
P1 moves ship N9 → N4
  → fleet stays at G22
  → command: no legal origins for fleet 3/3 (convergence: [N4])
  → activating #9 on N4 (+2 bonus gems from arriving transports)
  → bomb 1: drew #13 (Yellow/3) — HIT
  → bomb 2: drew #64 (Green/3) — HIT
  → bomb 3: drew #79 (Red/1) — miss
  → bomb 4: drew #31 (Yellow/1) — miss
  → Sabotage: 2 hit(s), destroying 1/1 ship(s) of P2
P2's ship at G25 destroyed (returned to pool)
+1 prestige (ShipsDestroyed) → P1 total 4
  cursor=[0] #67 used by P1 (Refine)
  → P1 no matching mineral to refine
  cursor=[1] #99 used by P1 (Trade)
P1 discards #1
+1 prestige (TradedCardIcons) → P1 total 5
  cursor=[2] #56 used by P1 (Command)
  → command #56 (Transport 1 fleet(s) up to 1, 1 move(s))
  → command: 1 legal origin(s) for fleet 1/1
P1 moves ship N4 → N9
  → activating #98 on N9 (+1 bonus gems from arriving transports)
  → command #98 (ship 2 fleet(s) up to 12, 1 move(s))
  → command: 3 legal origin(s) for fleet 1/2
P1 moves ship N4 → N9
  → fleet stays at G22
  → activating #98 on N9 (+1 bonus gems from arriving transports)
  → command #98 (ship 2 fleet(s) up to 12, 1 move(s))
  → command: 2 legal origin(s) for fleet 1/2
P1 moves ship N9 → N10
P1 moves ship N9 → N10
P1 moves ship G22 → G13
  → Sector Core activated as Red: 0 gem(s) + 2 transport(s) → +2 prestige
+2 prestige (SectorCoreActivatedByTransports) → P1 total 7
+1 prestige (SectorCoreGatesPatrolled) → P1 total 8
P1 draws 2 (hand=4, deck=70)
[state turn=2 active=2] H4sIAAAAAAAACrWUSU/cQBCF/0ud36H3xTcEEqAsjCDKZWRFxm7AYsYmXkARmv8e9ZgZ7CQtRZFydNfX5er3quqVvoaur9uGMg66CaGijGvNtFLGgVab4kfoTtuxGSgToJN61W7qsg49ZWs670KoflAOOh27LjTDl7FrJq4c6ucw3d4frB6KPlBGJ1V1uX0aN30g0GV/XmzD1XNk7opNH0AX7Tas6vKxP2ubQNnQjQH0duN07Pq2o0yCzkL5SNmaMw4NI8A9OIeV0A7OQVhYAe3hYAy8gGYwDsLAM2gO7qA0uIHwEBJOw3BYC84UnIVV4BaWwXMIcCYgHLiCNeAMSsA6aAsRYxYKzkMpOAVnoBikgoTVcAxSQyioeE+CMw1poTW4BmcGTsBCSRgNJ6EFvM1BZ3VfFl1F2dobKA7loRW4hFGwHpKD50dNKFsbC++hTQ66eaifojOvdPXSRFU56EPdVJRR01Z7yaO/bId/Iu6L4UjIGSH+mEP8BZGDPrdVOC26aqo7fu1joJsh/i6jqn1pCBSZGFE25j1wIskZNudkmptj6h0bn2aQn0M6mcvLOWfSnJ5zNsk5PudcojjOFk/1qTe4OcXZO1a2XaBFkCd/tVCCiwRnllha/alLjqBKgnohLU97YBea8bQJcqlH2gW1BF3aVrUAfRIULHb+tB6nvn/r+euiPPThqgv9UN+Hyfc42CfPRb0pbjdh7/FFEedpLRmkhIyryE05G8rWOehT3YSu2MT0OehjuBsoez1M4W3R1+W3st1u24Z2oOv6/uH3+NjU38c4rceydvGBb3N3OIzb/VhrdPqXWmOnHYr1MBJCQ8Zt9X9rFbtdvvsJljjE4N8GAAA=
— P2 turn 2 phase AddImpulse
P2 places #36 (Trade/Blue/1) at bottom of Impulse
  Phase2: P2 uses tech Left (BasicCommon)
P2 discards #39
P2 builds at N12 (available=9)
  cursor=[0] #67 used by P2 (Refine)
  → P2 no matching mineral to refine
  cursor=[1] #99 used by P2 (Trade)
P2 discards #25
+1 prestige (TradedCardIcons) → P2 total 4
  cursor=[2] #56 used by P2 (Command)
  → command #56 (Transport 1 fleet(s) up to 1, 1 move(s))
  → command: 1 legal origin(s) for fleet 1/1
P2 moves ship N12 → N11
  → activating #109 on N11 (+1 bonus gems from arriving transports)
P2 builds at G16 (available=8)
  cursor=[3] #36 used by P2 (Trade)
  → P2 no eligible card to trade
impulse trim #67 (length now 3)
P2 draws 2 (hand=3, deck=68)
[state turn=3 active=1] H4sIAAAAAAAACrWUWU/bUBCF/8s8n4e7L36LggSoCxFUfYmiytgXsEhs6gWEUP57dbNht72qhNTHeL47mTlnZt7oe2i7qqkp46CbEErKuNZMK2UcaLHOX0M7b4a6p0yAZtWiWVdFFTrKlnTehlC+0go0H9o21P23oa0pk6BZ0VfPYf96l3nxkHeBMpqV5eXmaVh3gUCX3Xm+CVfPkbnL110AXTSbsKiKx+6sqQNlfTsE0OHFfGi7pqVMgc5C8UjZ0ghwD85hJbSDcxAWVkB7OBgDL6AZjIMw8AyagzsoDW4gPISE0zAc1oIzBWdhFbiFZfAcApwJCAeuYA04gxKwDtpCxJiFgvNQCk7BGSgGqSBhNRyD1BAKKr6T4ExDWmgNrsGZgROwUBJGw0loAW9XoLOqK/K2pGzpDRSH8tAKXMIoWA/JwSE9hIaJ+FHIbOk9tIE0K9DNQ/UUzXmjq5f6IP6nqi4po7opd6pHi9kWHyLu8/5EyBEh/pqD/5MQHyTGdZjtCvS1KcM8b8t97/HXLga66SOaUdm81ASKTIwoG/MeOZHkDBtzMs2NMfWODU8jyI8hnczl5ZgzaU6POZvkHB9zLlEcZ5NWfaoHN6Y4e8eKpg00CfLkX02U4CLBmSmWVn8/JSdQJUE9kZanPbATzXjaBDnVI+2CmoIubauagD4JChYnf39l93N/mPnrvDjO4aINXV/dh73v8TjMnvNqnd+uw87jizzu01IySAkZ75rb56wpW65AX6o6tPk6pl+BPoe7nrK34xbe5l1V/CiazaapaQu6ru4f/owPdfVziNt6KmsbGzzs3fGjGNcaDfytVneq1cSDyqH/e51iu11tfwEQromUIgcAAA==
— P1 turn 3 phase AddImpulse
P1 places #108 (Draw/Yellow/1) at bottom of Impulse
  Phase2: P1 uses tech Left (BasicCommon)
P1 discards #32
P1 explores N14: takes #53 (Yellow/1) into hand
P1 places #33 (Blue/3) face-up at N14
P1 moves ship N10 → N14
P1 moves ship N10 → N14
  → activating #33 on N14 (+2 bonus gem(s) from arriving transports)
P1 builds at G27 (available=8)
P1 builds at G27 (available=7)
P1 builds at G27 (available=6)
  cursor=[0] #99 used by P1 (Trade)
  → P1 no eligible card to trade
  cursor=[1] #56 used by P1 (Command)
  → command #56 (Transport 1 fleet(s) up to 1, 1 move(s))
  → command: 1 legal origin(s) for fleet 1/1
P1 moves ship N14 → N9
  → activating #98 on N9 (+1 bonus gems from arriving transports)
  → command #98 (ship 2 fleet(s) up to 12, 1 move(s))
  → command: 4 legal origin(s) for fleet 1/2
P1 moves ship N14 → N10
P1 moves ship N9 → N10
  → Sector Core activated as Red: 0 gem(s) + 2 transport(s) → +2 prestige
+2 prestige (SectorCoreActivatedByTransports) → P1 total 10
  cursor=[2] #36 used by P1 (Trade)
P1 discards #53
+1 prestige (TradedCardIcons) → P1 total 11
  cursor=[3] #108 used by P1 (Draw)
P1 drew #62 (Blue/2) → hand
P1 drew #19 (Red/2) → discard (color Blue/Green)
+2 prestige (SectorCoreGatesPatrolled) → P1 total 13
impulse trim #99 (length now 3)
P1 draws 2 (hand=4, deck=64)
[state turn=3 active=2] H4sIAAAAAAAACrWVSU/cQBCF/0ud36H3xbcRSICyMIIol5EVGbsBixmb2GMQQvPfo54NO0kLCSVHu74qv35V1X6l76Hr67ahjIOuQ6go41ozrZRxoPmyeAndSTs0a8oEaFbP22Vd1qGnbEFnXQjVC+Wgk6HrQrP+NnQNZRI0K9f1U9hlbxPn90UfKKNZVV2sHodlHwh00Z8Vq3D5FJnbYtkH0Hm7CvO6fOhP2yZQtu6GANpnnAxd33aUKdBpKB8oW2gH5yAsrID2cDAGXkAzGAdh4Bk0B3dQGtxAeAgJp2E4rAVnCs7CKnALy+A5BDgTEA5cwRpwBiVgHbSFiDELBeehFJyCM1AMUkHCajgGqSEUVMyT4ExDWmgNrsGZgROwUBJGw0loAW9z0Gndl0VXUbbwBopDeWgFLmEUrIfk4JAeQsNYSAEtwT28z4+2RB8MZPyqy0HX9/Vj7M4rXT430VkO+lQ3FWXUtNXW9thjtsGHiLtifSTkiBB/rcHfJcQHibEO855SYf8JkYO+tlU4Kbpq53B82ioAXa8jmlHVPjcEikyMqG3dAyeSnGFjTqa5MabesOFxBPkxpJO1vBxzJs3pMWeTnONjziXEcTY5qk+dwY0pzt6wsu0CTYI8+amJE1wkODPF0u7vZvEIpvyXE2N5ugN24hhPt0BO3Uj3QE1Bl26qmoA+CQoW5353le+mfj/xV0V5mMJ5F/p1fRf25sUbaPZU1MviZhm2k3VexHVaSAYjwDms3NVsKFvkoC91E7piGcvnoM/hdk3Z62EHb4q+Ln+U7WrVNrQBXdV393/Gh6b+OcRdPcraxAPut+7wMv6Jjlpj+36T6o5STbzBOfR/1yk2m3zzC0weWh+HBwAA
— P2 turn 3 phase AddImpulse
P2 places #101 (Research/Red/1) at bottom of Impulse
  Phase2: P2 uses tech Left (BasicCommon)
P2 discards #5
P2 moves ship N11 → N12
  → activating #69 on N12 (+1 bonus gem(s) from arriving transports)
  → command #69 (Cruiser 1 fleet(s) up to 1, 1 move(s))
  → command: 1 legal origin(s) for fleet 1/1
P2 explores N6: takes #95 (Blue/3) into hand
P2 places #95 (Blue/3) face-up at N6
P2 moves ship G16 → G17
  cursor=[0] #56 used by P2 (Command)
  → command #56 (Transport 1 fleet(s) up to 1, 1 move(s))
  → command: 1 legal origin(s) for fleet 1/1
P2 moves ship N12 → N11
  → activating #109 on N11 (+1 bonus gems from arriving transports)
P2 builds at G19 (available=7)
  cursor=[1] #36 used by P2 (Trade)
  → P2 no eligible card to trade
  cursor=[2] #108 used by P2 (Draw)
P2 drew #58 (Red/2) → hand
P2 drew #88 (Yellow/2) → discard (color Blue/Green)
  cursor=[3] #101 used by P2 (Research)
+1 prestige (SectorCoreGatesPatrolled) → P2 total 5
impulse trim #56 (length now 3)
P2 draws 2 (hand=4, deck=60)
[state turn=4 active=1] H4sIAAAAAAAACrWUS0/cMBSF/8tdn4Xfj+xGIAHqgxFU3YyiKiQGImYSmkxAFZr/XnleJC0WEmqXyf18fHzutV/oe+j6um0o46DrECrKuNZMK2UcaL4sfoXupB2aNWUCNKvn7bIu69BTtqCzLoTqF+Wgk6HrQrP+NnQNZQo0K9f1U9it3irP74s+UEazqrpYPQ7LPhDooj8rVuHyKTK3xbIPoPN2FeZ1+dCftk2gbN0NAbRfcTJ0fdtt9U9D+UDZQns4GAMvoBmMgzDwDJqDOygNbiA8hITTMBzWgjMFZ2EVuIVl8BwCnAkIB65gDTiDErAO2kLEmoWC81AKTsEZKAapIGE1HIPUEAoqrpPgTENaaA2uwZmBE7BQEkbDSWgBb3PQad2XRVdRtvAGikN5aAUuYRSsh+TgkB5Cw1hIAS3BPbyHhnPQJj9GQtlCxq0dOOM56Pq+foyteaHL52Yf/ae6qSijpq22mccGsw0+RNwV6yMhR4R4U4O/S4gPEmMf9j2n4l8Tb/vwmxz0ta3CSdFVux7Er20NdL2OaEZV+9wQKDKxora6B04kOcPGnExzY0y9YsPjCPJjSCe1vBxzJiWmx5RNqjk+5lxCjbPJQX1qUzemOHvFyrYLNCny5FaTHLhIcGaKpbPfzeoRTKUvJ7HydP52khg3SVBO00j3QE1Bl269moA+CQoWp373zu9mfj/vV0V5mMF5F/p1fRf24cUXavZU1MviZhm2c3VexMu0kAxGgHNYudNsKFvkoC91E7piGeVz0Odwu6bs5XADb4q+Ln+U7WrVNrQBXdV393/Xh6b+OcSberS1iQfc37nDTzH2Gvvyh1V7tGoktIOwsOK/WxWbTb75DeH7sLanBwAA
— P1 turn 4 phase AddImpulse
P1 places #73 (Mine/Red/1) at bottom of Impulse
  Phase2: P1 uses tech Left (BasicCommon)
P1 discards #11
P1 moves ship N10 → N14
P1 moves ship N10 → N14
  → activating #33 on N14 (+2 bonus gem(s) from arriving transports)
P1 builds at G27 (available=5)
P1 builds at G27 (available=4)
P1 builds at G27 (available=3)
  cursor=[0] #36 used by P1 (Trade)
  → P1 no eligible card to trade
  cursor=[1] #108 used by P1 (Draw)
P1 drew #59 (Blue/1) → hand
P1 drew #8 (Green/1) → hand
  cursor=[2] #101 used by P1 (Research)