# impulse log opened 2026-05-05T13:59:54.7013978-04:00
  → P1 home N8 = #5
  → P2 home N12 = #102
[state turn=1 active=1] H4sIAAAAAAAACrWVW0/bQBCF/8s8n4edva/fIpAA9UIEVV+iqDL2AhaJTX0BIZT/XjlOwFbrqkLqo3e/PTOzZ2b9St9j3RRVSQmDrmPMKZHGs1ZaOdByk77E+qTqypYSCVoUy2pTZEVsKFnRWR1j/kJr0ElX17Fsv3X1ILTI2uIpDqf3C8v7tImU0CLPL7aP3aaJBLpoztJtvHzqmdt000TQebWNyyJ7aE6rMlLS1l0EHU6cdHVT1ZQI0GnMHihZsTBgESA9WHg4WAUjwQHswMJCWbBwUAbOQ8MYOAPloQJYIWh4hmUYD6+hNIKAUQgKVsL0EgLWwQpoC/ZwGtLCWygFNjAMzXAMFhpGwAl4BA+pYD1MH1vBBGgB5aDgA9hCSmgNqREMGNZACjgHJ2EtAkNCGugAL8GC4R1kgIV0CGENOi2aLK1zSlbrt5sZPq7vi8fel1e6fC4P9/6pKHNKqKzy/YXnlPgdPgLcpe0RkGJEyD9JsPwgMY7id2vQ1yqPJ2mdD3X1X/vToOu2RxPKq+eSQD3T72jV6x45Oct5MebULKfkmNOzHOsxZ+bjTvKz83qTuG5ez485/851jyPKjKEwK2YnRbB4B7OqjjTZnLfAhQkoZ3JiMSmR/+LBxCueN0FP6uR5F5gn4LwNfqo474OdFu1nwSk374WzffsPL+jQ/IfGv0qzY48t69i0xV3cP4n76V88pcUmvdnEvc3naT9UK6egPXT/nCG4QbUcnowvRRnrdNMHWIM+x9uWktfjMN6kTZH9yKrttippB7oq7u5/3+/K4mfXD+1bYru+xMP4HRf7X8C/ZRsstITRCBKK/3u2vNutd78APneI5gYHAAA=
— P1 turn 1 phase AddImpulse
P1 places #73 (Mine/Red/1) at bottom of Impulse
  Phase2: P1 uses tech Right (BasicUnique)
P1 builds at G20 (available=8)
  cursor=[0] #73 used by P1 (Mine)
P1 draws #105 (Yellow/3) → discard (filter mismatch)
P1 draws 2 (hand=6, deck=77)
[state turn=1 active=2] H4sIAAAAAAAACrWUW0/cMBCF/8s8nweP787bCiRAvbCCqi+rVRUSAxG7CU02IIT2v1feCyRq01aV+hLJ8eczMz4zfqWvse2qpqaMQdcxlpRJ41krrRxovspfYnvS9PWGMgmaVfNmVRVV7Chb0FkbY/lCS9BJ37ax3nzp273QrNhUT3F/endwfp93kTKaleXF+rFfdZFAF91Zvo6XT4m5zVddBJ036ziviofutKkjZZu2j6DDiZO+7Zp2p38aiwfKFiw8HKyCkeAAdmBhoSxYOCgD56FhDJyB8lABrBA0PMMyjIfXUBpBwCgEBSthkoSAdbAC2oI9nIa08BZKgQ0MQzMcg4WGEXACHsFDKlgPk2IrmAAtoBwUfABbSAmtITWCAcMaSAHn4CSsRWBISAMd4CVYMLyDDLCQDiEsQadVV+RtuSvZLN9uhLKFU0vQ9X31mBx5pcvnOt0mgz5UdUkZ1U25u+qSMr/FvwB3+eYISDEg5K8kWP4jMYzyN3ksQZ+bMp7kbbmvPK12+qDrTUIzKpvnmkCJSTtaJd0jJyc5L4acmuSUHHJ6kmM95Mx03FF+dlpvFNdN6/kh59+5/nFAmSEUJsXsqAgW72DRtJFGm9MWuDAC5UROLEYl8m88GHnF0yboUZ087QLzCJy2wY8Vp32w46L9JDjmpr1wNrX//nXdN/+h8a/y4thj8zZ2m+ouUiYO78PsKa9W+c0q7nrhPE9DtdAeOj15COkbIP1euaZssQR9qurY5qsUZAn6GG83lL0eB/Im76riW9Gs101NW9BVdXf/835fV9/7NLhvyW1TmYcRPP7kP2Qc3jIOFlrCaAQJxf89W95ul9sfG0FX8iYHAAA=
— P2 turn 1 phase AddImpulse
P2 places #42 (Command/Yellow/2) at bottom of Impulse
  Phase2: P2 uses tech Left (BasicCommon)
P2 discards #96
P2 builds at G31 (available=8)
  cursor=[0] #73 used by P2 (Mine)
P2 draws #108 (Yellow/1) → minerals
  cursor=[1] #42 used by P2 (Command)
  → command #42 (ship 1 fleet(s) up to 1, 1 move(s))
  → command: 3 legal origin(s) for fleet 1/1
P2 explores N11: takes #79 (Red/1) into hand
P2 places #79 (Red/1) face-up at N11
P2 moves ship G28 → G25
+1 prestige (SectorCoreGatesPatrolled) → P2 total 1
P2 draws 2 (hand=5, deck=74)
[state turn=2 active=1] H4sIAAAAAAAACq2VS2vcMBSF/8tdn4Wu3vIuJNCGvoakdDMMxbGVxHTGTu1xQgnz34vmkdi06iJ0Y7D16dxzH5Kf6Vvsh6ZrqWDQdYw1FdJ41korB1qsy1+xP+/GdkuFBJ01i27dVE0cqFjSuz7G+hetQOdj38d2+3Xs2wNXbZvHeNi9V17cl0Okgs7q+nLzMK6HSKDL4V25iV8eE3NbrocIet9t4qKpfgwXXRup2PZjBB13nI/90PV7/YtY/aBiaSQ4gB1YWCgLFg7KwHloGANnoDxUACsEDc+wDOPhNZRGEDAKQcFKmCQhYB2sgLZgD6chLbyFUmADw9AMx2ChYQScgEfwkArWw6TYCiZACygHBR/AFlJCa0iNYMCwBlLAOTgJaxEYEtJAB3gJFgzvIAMspEMIK9BFM1RlX1OxZGEQ7OqlFlQsnYKWK9D1ffOQ2vFMX57aY7k/NG1NBbVdva9zTYXf4S3AXbk9AVJMCPk3CZZvJKZRzBt9TAjFuxXoc1fH87KvD7VJb3sHoOttQguqu6eWQIlJK1ol3RMns5wXU05lOSWnnM5yrKecyced+bN5vVlcl9fzU86/cuPDhDJTKGTF7CwJFq9g1fWRZoucCeXCDJMZjMUsQf5HB2ad4nwL9CxLzveAeQbmm+Dnivku2HnSPgvOuXwnnE3Df7h6D6N/HPursjpN2KKPw7a5i1SI4/1x9lg26/JmHfeT8L5MR2qpPXS6GBHSM0D6g3JLxXIF+tS0sS/XKcgK9DHebql4Ph3Hm3Joqu9Vt9l0Le1AV83d/Z/rY9v8HNOxfTG3S2keD+DpY/p/vDhO05N1bDSChGI4WJUzyyLl8X/88m632v0GsZveWUUHAAA=
— P1 turn 2 phase AddImpulse
P1 places #47 (Refine/Blue/1) at bottom of Impulse
  Phase2: P1 uses tech Right (BasicUnique)
P1 builds at G20 (available=7)
  cursor=[0] #73 used by P1 (Mine)
P1 draws #52 (Blue/2) → discard (filter mismatch)
  cursor=[1] #42 used by P1 (Command)
  → command #42 (ship 1 fleet(s) up to 1, 1 move(s))
  → command: 2 legal origin(s) for fleet 1/1
P1 explores N9: takes #64 (Green/3) into hand
P1 places #109 (Blue/2) face-up at N9
P1 moves ship N8 → N9
  → activating #109 on N9 (+1 bonus gems from arriving transports)
P1 builds at G22 (available=6)
  cursor=[2] #47 used by P1 (Refine)
  → P1 no matching mineral to refine
+1 prestige (SectorCoreGatesPatrolled) → P1 total 1
P1 draws 2 (hand=7, deck=71)
[state turn=2 active=2] H4sIAAAAAAAACq2US0/bQBSF/8tdn8XceY93CCRAfRBB1U0UVcYewMKxqR8ghPLfKyck2CqmatWlPd+ce+5rXuh7bNqirihh0FWMOSXSeNZKKwdalOlzbI7rvuookaCjYlGXRVbElpIlnTYx5s+0Ah33TROr7lvfVDsu64rHuLu9/bG4S9tICR3l+fn6oS/bSKDz9jRdx4vHgblJyzaCzup1XBTZfXtSV5GSrukj6PXGcd+0dUOJAp3E7J6SJQsLZcHCQRk4Dw1j4AyUhwpghaDhGZZhPLyG0ggCRiEoWAnjwELAOlgBbcEeTkNaeAulwAaGoRmOwULDCDgBj+AhFayHGWIrmAAtoBwUfABbSAmtITWCAcMaSAHn4CSsRWBISAMd4CVYMLyDDLCQDiGsQCdFm6VNvk3QIFgYuTpUgZKlU9AS2q1AV3fFw9CLF7p4qoY6MuhTUeWUUFXn2yLnlIQNPgb8u8Bt2u0BKUaEfE+C5T8S4yjmH32MCMV/pfE+ITcr0Nc6j8dpk+/qO3xtswBddQOaUF4/VQQamOFEq0F3z8lZzosxp2Y5JcecnuVYjzkzH3fiz87rTeK6eT0/5vwb1z+MKDOGwgzEYjuihxqLNy6rm0iTQ54RcVMNORtrkh9/0IBJo3i+A3qSJM+3gHkCzvfATxXnm2CnSftZcMqFWc7ZYfZ3T/du8l+n/jLN9gO2aGLbFbdxtw3DE3T0mBZlel3G7WCdpcNGLbUHCwQH6WE1OICHN2tRphUlyxXoS1HFJi2HMCvQ53jTUfKy38frtC2yH1m9XtcVbUCXxe3d7+d9Vfzsh7092NsMib5u4P4n/8GzP3g2GkFCMRysmjPLwv83v7zZrDa/AOYn2oqHBwAA
— P2 turn 2 phase AddImpulse
P2 places #31 (Command/Yellow/1) at bottom of Impulse
  Phase2: P2 uses tech Left (BasicCommon)
P2 discards #92
P2 builds at G18 (available=7)
  cursor=[0] #73 used by P2 (Mine)
P2 draws #106 (Blue/3) → discard (filter mismatch)
  cursor=[1] #42 used by P2 (Command)
  → command #42 (ship 1 fleet(s) up to 1, 1 move(s))
  → command: 4 legal origin(s) for fleet 1/1
P2 moves ship N12 → N11
  → activating #79 on N11 (+1 bonus gems from arriving transports)
  → bomb 1: drew #36 (Blue/1) — miss
  → bomb 2: drew #107 (Green/1) — miss
  → Sabotage: 0 hit(s), destroying 0/1 ship(s) of P1
  cursor=[2] #47 used by P2 (Refine)
  → P2 no matching mineral to refine
  cursor=[3] #31 used by P2 (Command)
  → command #31 (Cruiser 1 fleet(s) up to 1, 1 move(s))
  → command: 3 legal origin(s) for fleet 1/1
P2 explores N7: takes #88 (Yellow/2) into hand
P2 places #88 (Yellow/2) face-up at N7
P2 moves ship G18 → G15
+1 prestige (SectorCoreGatesPatrolled) → P2 total 2
impulse trim #73 (length now 3)
P2 draws 2 (hand=5, deck=66)
[state turn=3 active=1] H4sIAAAAAAAACq2VW2/TQBCF/8s8n4edva/folaiiEujFvESRcjY29YisYsdF6Eq/x1tbrWhbgXiMZ7PZ87cnEf6HNuuamrKGHQdY0mZNJ610sqB5qv8Z2zPmr7eUCZBs2rerKqiih1lC3rTxlj+pCXorG/bWG8+9W1NmQLNik31EPdv75Tnd3kXKaNZWb5d3/erLhLobfcmX8fLh8Tc5Ksugi6adZxXxbfuvKkjZZu2j6DDG2d92zUtZRp0HotvlC00jIEzUB4qgBWChmdYhvHwGkojCBiFoGAljAMLAetgBbQFezgNaeEtlAIbGIZmOAYLDSPgBDyCh1SwHsaChYIJ0ALKQcEHsIWU0BpSIxgwrIEUcA5OwloEhoQ00AFeggXDO8gAC+kQwhJ0XnVF3paULVgYBAsjERJqoVJGB6eWpy6ksiW0g+Il6Pquuk+zeKTLH/Wh1++quqSM6qbcNbmkLGzxMuCfBW7zzRGQYkDI5ySYXyXks8Qwi/lHHwNC8V9pPE+86pTNdgn62JTxLG/L/QTSr10MdL1JaEZl86MmUGJSRKuke+TkJOfFkFOTnJJDTk9yrIecmc478men9UZ53RPX3w/V/JDyE5QZQmECYrFb4VOHxRNXNG2kUZAnRNxYQ07mGlXHL7R/NCae7r8eFcnTA9gf0QmcnoAfK7pJ0I6L9pPgmAuTnLNp8/ef9v3eH3b+Ki+O6zVvY7epbuP+FtInavaQV6v86yru1uoiT/e00B4sEBykh9XgAHZ77ZqyxRL0oapjm69SmiXofbzZUPZ4vMaveVcVX4pmvW5q2oKuqtu7P+N9XX3v09We7G1ToYf7Oz5M/1Anz2kxfvPsTp6NhoNVUAbOT5llkUL/xy9vt8vtL9MyDCKnBwAA
— P1 turn 3 phase AddImpulse
P1 places #19 (Mine/Red/2) at bottom of Impulse
  Phase2: P1 uses tech Left (BasicCommon)
P1 discards #10
P1 moves ship G20 → G22
P1 moves ship G20 → G22
P1 moves ship G20 → G22
  cursor=[0] #42 used by P1 (Command)
  → command #42 (ship 1 fleet(s) up to 1, 1 move(s))
  → command: 3 legal origin(s) for fleet 1/1
P1 moves ship N8 → N9
  → activating #109 on N9 (+1 bonus gems from arriving transports)
P1 builds at G22 (available=5)
  cursor=[1] #47 used by P1 (Refine)
  → P1 no matching mineral to refine
  cursor=[2] #31 skipped by P1
  cursor=[3] #19 used by P1 (Mine)
P1 draws #4 (Yellow/2) → minerals
+1 prestige (SectorCoreGatesPatrolled) → P1 total 2
impulse trim #42 (length now 3)
P1 draws 2 (hand=7, deck=63)
[state turn=3 active=2] H4sIAAAAAAAACq2U207bQBCG32Wu/4udPa/vEEhQ9UAEVW+iqHLtBawmNvWBqkJ592oTEmy1Li3qpT3f/HPeR/oU265qasoYdB1jSZk0nrXSyoEW6/xHbE+boe4pk6CTatGsq6KKHWVLOm9jLH/QCnQ6tG2s+49DW1OmQCdFXz3EvffOcXGXd5EyOinLN5v7Yd1FAr3pzvNNvHxIzE2+7iLootnERVV87c6aOlLWt0MEPXmcDm3XtJRp0FksvlK2VB4qgBWChmdYhvHwGkojCBiFoGAljAMLAetgBbQFezgNaeEtlAIbGIZmOAYLDSPgBDyCh1SwHsaChYIJ0ALKQcEHsIWU0BpSIxgwrIEUcA5OwloEhoQ00AFeggXDO8gAC+kQwgp0VnVF3paULVkYBAsjERJqoVJEB6fAAlqujj2gbKkdFIOTwvVddZ8m8UiX3+vURQa9reqSMqqbctfikrKwxWuA27w/AFKOCPk7CeYXid9rjKOYV+YxIhT/k8Yro/DfZLoCfWjKeJq35X5G6WvnDbruE5pR2XyvCZSYZNEq6R44Oct5MebULKfkmNOzHOsxZ+bjTvKz83qTuO6ZG+7Han5M+RnKjKEwA7HY7fCxw+KZK5o20sTIMyJuqiFnY02q4z+0fzImnu+/nhTJ8wPYn9kRnJ+Anyq6WdBOi/az4JQLs5yzafP3T/9+7592/iovDuu1aGPXV7dxv+PpETt5yKt1/mUdd/aLPN3TUnsEB+lhNdjBGDiz164pW65A76s6tvk6hdEr0Lt401P2eDjHL3lXFZ+LZrNpatqCrqrbu1/tQ119G9LZHvPbpkqfDvDwk19I2h2TNhoOVkEZOD+XLYtk+j/58na72v4ElmQen8gHAAA=
— P2 turn 3 phase AddImpulse
P2 places #35 (Command/Yellow/1) at bottom of Impulse
  Phase2: P2 uses tech Right (BasicUnique)
  → Piscesish: drew #38 (Yellow/1) → hand
  cursor=[0] #47 used by P2 (Refine)
  → P2 no matching mineral to refine
  cursor=[1] #31 used by P2 (Command)
  → command #31 (Cruiser 1 fleet(s) up to 1, 1 move(s))
  → command: 3 legal origin(s) for fleet 1/1
P2 explores N6: takes #12 (Green/2) into hand
P2 places #38 (Yellow/1) face-up at N6
P2 moves ship G15 → G17
  cursor=[2] #19 used by P2 (Mine)
P2 draws #39 (Yellow/2) → minerals
  cursor=[3] #35 used by P2 (Command)
  → command #35 (Transport 1 fleet(s) up to 1, 2 move(s), +1 boost)
  → command: 2 legal origin(s) for fleet 1/1
P2 explores N16: takes #85 (Red/1) into hand
P2 places #78 (Green/1) face-up at N16
P2 moves ship N12 → N16
P2 moves ship N16 → N11
  → activating #79 on N11 (+1 bonus gems from arriving transports)
  → bomb 1: drew #13 (Yellow/3) — HIT
  → bomb 2: drew #94 (Yellow/1) — miss
  → Sabotage: 1 hit(s), destroying 1/5 ship(s) of P1
P1's ship at G22 destroyed (returned to pool)
+1 prestige (ShipsDestroyed) → P2 total 3
+2 prestige (SectorCoreGatesPatrolled) → P2 total 5
impulse trim #47 (length now 3)
P2 draws 2 (hand=7, deck=57)
[state turn=4 active=1] H4sIAAAAAAAACq2VW0/bQBCF/8s8n4edva/fIpAA9UIEVV+iqDL2AhaJTe0YhFD+e7UJCXGLW1r1Md5vz8ycmdk809fYdlVTU8agyxhLyqTxrJVWDjRd5E+xPWr6ekWZBE2qabOoiip2lM3opI2xfKI56Khv21ivvvRtTZkGTYpV9RC3tzfK09u8i5TRpCzPlvf9oosEOutO8mU8f0jMdb7oIui0WcZpVdx1x00dKVu1fQS93Djq265pN/rHsbijbGY8vIbSCAJGIShYCePAQsA6WAFtwR5OQ1p4C6XABoahGY7BQsMIOAGP4CEVrIexYKFgArSAclDwAWwhJbSG1AgGDGsgBZyDk7AWgSEhDXSAl2DB8A4ywEI6hDAHHVddkbclZTMWBsHCSISEWqgU0cEpsICWYIWgod18XzplM8XgAGXmoMvb6j414JnOH+sXgz9UdUkZ1U25cbakLKzxfkC+BTD/I3GTr3aENG+mcUjIP2ko/iuNf4zC7h0ac9DnpoxHeVtuO5B+bW6DLlcJzahsHmsCJSadaJV0d5wc5bw45NQop+Qhp0c51oecGY87yM++cv39YVR/SLkRyg8oP0KZQyiMQCw287n3V7xyRdNGGhzyiIgbasjRWANP+TfmD5rE4+7rQZE8bv92hfbgmP9u4Cy7UT07LNmPgkMujHLOpqnfvuXbmX+Z94u82I3WtI3dqrqJ2/lOz9PkIa8W+dUibkbqNE+7NNMewUF6WA12MAYuvWfTRV5TNpuDPlV1bPNFCqPnoI/xekXZ824Vr/KuKr4VzXLZ1LQGXVQ3t7+e93X1vU8ru89vnSp9Wb7dx/SftE86deenpN0+aaPhYBVYwht4huWxnFl4qPTY/5/Eeb2er38A2n2XjaIHAAA=
— P1 turn 4 phase AddImpulse
P1 places #17 (Trade/Blue/1) at bottom of Impulse
  Phase2: P1 uses tech Left (BasicCommon)
P1 discards #97
P1 explores N13: takes #30 (Blue/1) into hand
P1 places #75 (Yellow/3) face-up at N13
P1 moves ship N9 → N13
P1 moves ship N9 → N13
  → activating #75 on N13 (+2 bonus gem(s) from arriving transports)
  → command #75 (ship 4 fleet(s) up to 12, 1 move(s), +2 boost)
  → command: 2 legal origin(s) for fleet 1/4
  ⚔ Battle at G25: P1 (4 cruisers) attacks P2
  ⚔ P2 reinforces with #7
  ⚔ P2 reinforces with #54
  ⚔ P2 reinforces with #63
  ⚔ P2 reinforces with #85
  ⚔ P2 reinforces with #61
  ⚔ P2 reinforces with #12
  ⚔ P2 reinforces with #81
  ⚔ P1 reinforces with #48
  ⚔ P1 reinforces with #28
  ⚔ P1 reinforces with #64
  ⚔ P1 reinforces with #55
  ⚔ P1 reinforces with #30
  ⚔ P2 BLUFF revealed #54 (Red/1) — returned to hand
  ⚔ P2 BLUFF revealed #63 (Blue/3) — returned to hand
  ⚔ P2 BLUFF revealed #85 (Red/1) — returned to hand
  ⚔ P2 BLUFF revealed #12 (Green/2) — returned to hand
  ⚔ P1 BLUFF revealed #64 (Green/3) — returned to hand
  ⚔ P1 BLUFF revealed #55 (Yellow/3) — returned to hand
  ⚔ P2 draws cruiser-card #58 (Red/2)
  ⚔ P1 draws cruiser-card #84 (Blue/1)
  ⚔ P1 draws cruiser-card #34 (Green/2)
  ⚔ P1 draws cruiser-card #90 (Green/2)
  ⚔ P1 draws cruiser-card #53 (Yellow/1)
  ⚔ Totals: P1=9 vs P2=7
  ⚔ Winner: P1
P2's ship at G25 destroyed (returned to pool)
P1 moves ship G22 → G25
P1 moves ship G22 → G25
P1 moves ship G22 → G25
P1 moves ship G22 → G25
+1 prestige (BattleWon) → P1 total 3
+1 prestige (ShipsDestroyed) → P1 total 4
!! BATTLE RESULT @ G25

Attacker: P1 (4 cruisers)
  reinforcements: #48 (Blue/1), #28 (Blue/1), #30 (Blue/1)
  bluffs (returned): #64 (Green/3), #55 (Yellow/3)
  cruiser draws:  #84 (Blue/1), #34 (Green/2), #90 (Green/2), #53 (Yellow/1)
  total icons:    9

Defender: P2
  reinforcements: #7 (Red/2), #61 (Red/2), #81 (Yellow/1)
  bluffs (returned): #54 (Red/1), #63 (Blue/3), #85 (Red/1), #12 (Green/2)
  cruiser draws:  #58 (Red/2)
  total icons:    7

Winner: P1 (+1 prestige for the win, +1 per ship destroyed).
Ships destroyed: 1.
P1 prestige now 4.
  → command: no legal origins for fleet 2/4 (convergence: [N10,N11])
  cursor=[0] #31 used by P1 (Command)
  → command #31 (Cruiser 1 fleet(s) up to 1, 2 move(s), +1 boost)
  → command: 1 legal origin(s) for fleet 1/1
P2's ship at N11 destroyed (returned to pool)
+1 prestige (ShipsDestroyed) → P1 total 5
P2's ship at N11 destroyed (returned to pool)
+1 prestige (ShipsDestroyed) → P1 total 6
P1 moves ship G25 → G30
P1 explores N15: takes #11 (Blue/1) into hand
P1 places #11 (Blue/1) face-up at N15
P1 moves ship G30 → G26
  cursor=[1] #19 used by P1 (Mine)
P1 draws #93 (Red/3) → discard (filter mismatch)
  cursor=[2] #35 used by P1 (Command)
  → command #35 (Transport 1 fleet(s) up to 1, 2 move(s), +1 boost)
  → command: 1 legal origin(s) for fleet 1/1
P1 moves ship N13 → N9
  → activating #109 on N9 (+1 bonus gems from arriving transports)
P1 builds at G22 (available=5)
  cursor=[3] #17 used by P1 (Trade)
P1 discards #64
+3 prestige (TradedCardIcons) → P1 total 9
+3 prestige (SectorCoreGatesPatrolled) → P1 total 12
impulse trim #31 (length now 3)
P1 draws 2 (hand=3, deck=49)
[state turn=4 active=2] H4sIAAAAAAAACq2UW0/cMBCF/8s8nweP784bAglQL6yg6gtaVSExELGb0GQDQmj/e+VdFjYtblWJx8Sf5xwfz/iZvsd+aLqWCgZdxFhTIY1nrbRyoNmifIr9YTe2Kyok6KCZdYumauJAxSUd9zHWTzQHHY59H9vVt7FvqdCgg2rVPMTt7s3G2W05RCrooK5Pl/fjYogEOh2Oy2U8e0jMdbkYIuikW8ZZU90NR10bqVj1YwS97Dgc+6HrN/WPYnVHxSULAetgBbQFezgNaeEtlAIbGIZmOAYLDSPgBDyCh1SwHsaChYIJ0ALKQcEHsIWU0BpSIxgwrIEUcA5OwloEhoQ00AFeggXDO8gAC+kQwhx01AxV2dcbdwbBwkiEhFqopOjgFFhAS7BC0NAOwUF7SA8l4GAZnuE1lEYQMArGIyhYDcXz1ziSQoAyYDcHXdw29+lSnunssU2BMuhT09ZUUNvVm7RrKsIafwdYvUvclKsdIe0eId8jFP+zhvkv4l0Vdh+gItdz0NeujodlX2/jS1+b+qCLVUILqrvHlkCJSSt6k9GOk1nOi31OZTkl9zmd5VjvcyavO/Fn37jxfl/V71MuQ/kJ5TOU2YdCBmKx6b7XfMUbV3V9pMkiZ4q4aQ2Z1ZpkyipXbuKc89nrKWhyujzBctm7SarssrJ2elyfBadcyHLOpo7fPszbfn/p9fOy2rXVrI/DqrmJL/mmh+XgoWwW5dUiboCTMg3SpTGwEia9PrNF2VJxOQd9adrYl4tUW89Bn+P1iorn3exdlUNT/ai65bJraQ06b25u/1wf2+bnmGb01dQ6He9l2nY/ed9pupDfjKYG2znVsAregGXOLAsPld7vj3HM6/V8/QvpWgxXXQcAAA==
— P2 turn 4 phase AddImpulse
P2 places #12 (Command/Green/2) at bottom of Impulse
  Phase2: P2 uses tech Left (BasicCommon)
P2 discards #54
P2 builds at G28 (available=9)
  cursor=[0] #19 used by P2 (Mine)
P2 draws #100 (Yellow/2) → minerals
  cursor=[1] #35 used by P2 (Command)
  → command #35 (Transport 1 fleet(s) up to 1, 3 move(s), +2 boost)
  → command: 0 legal origin(s) for fleet 1/1
  cursor=[2] #17 used by P2 (Trade)
  → P2 no eligible card to trade
  cursor=[3] #12 used by P2 (Command)
  → command #12 (ship 1 fleet(s) up to 12, 1 move(s))
  → command: 3 legal origin(s) for fleet 1/1
P2 moves ship G28 → G18
+1 prestige (SectorCoreGatesPatrolled) → P2 total 6
impulse trim #19 (length now 3)
P2 draws 2 (hand=4, deck=46)
[state turn=5 active=1] H4sIAAAAAAAACq2VW0/cMBCF/8s8nweP784bAomiXlhB1ZfVqkoTAxG7CU02oArtf6+8F9i0uFWlPib+POf4ZMZ5pi+xH5qupYJB1zHWVEjjWSutHGi2LH/E/rQb2zUVEnTSzLplUzVxoGJO532M9Q9agE7Hvo/t+vPYt1QY0Em1bh7jbve28uyuHCIVdFLXF6uHcTlEAl0M5+UqXj4m5qZcDhH0rlvFWVPdD2ddG6lY92ME7Xecjv3Q9VRo0Fms7qmYawv2cBrSwlsoBTYwDM1wDBYaRsAJeAQPqWA9jAULBROgBZSDgg9gCymhNaRGMGBYAyngHJyEtQgMCWmgA7wEC4Z3kAEW0iGEBeisGaqyr6mYszAIFkYiJNRCJUUHp8ACWoIVgoZ2CA7aQ3ooAQfL8AyvoTSCgFEwHkHBaiiG0eCkcwivmCsDdmC5AF3fNQ/pgzzT5VO7D/x909ZUUNvV26RrKsIGfwZYvUnclusDIe0RId8iFP+1hvkn4k0Vdv9BRf5VxW8WoE9dHU/Lvt4FnJ62a6DrdUILqrunlkCJSSt6m+KBk1nOi2NOZTkljzmd5VgfcyavO/FnX7nx4VjVH1MuQ/kJ5TOUOYZCBmKx7c+XfMUrV3V9pMkiZ4q4aQ2Z1ZpkyipXbuKc89nrKWhyujzBctm7SarssrJ2elyfBadcyHLOpo7fXdu7ft/3+lVZHdpq1sdh3dzGfb7p6jl5LJtl+W0Zt8C7Mg3S3BhYCeN2BVsq5gvQx6aNfblMtfUC9CHerKl4Pszet3Joqq9Vt1p1LW1AV83t3e/rY9t8H9OMvpjapOPtp+3wMv1zXpympH8xGl6MWgVvYB2syHll4aECWCTi/5jmzWax+QkLxyjvfgcAAA==
— P1 turn 5 phase AddImpulse
P1 places #55 (Command/Yellow/3) at bottom of Impulse
  Phase2: P1 uses tech Left (BasicCommon)
P1 discards #62
  ⚔ Battle at G17: P1 (3 cruisers) attacks P2
  ⚔ P2 reinforces with #67
  ⚔ P2 reinforces with #85
  ⚔ P2 reinforces with #63
  ⚔ P2 reinforces with #60
  ⚔ P1 reinforces with #57
  ⚔ P2 BLUFF revealed #67 (Green/1) — returned to hand
  ⚔ P2 BLUFF revealed #85 (Red/1) — returned to hand
  ⚔ P2 BLUFF revealed #63 (Blue/3) — returned to hand
  ⚔ P2 BLUFF revealed #60 (Red/2) — returned to hand
  ⚔ P1 BLUFF revealed #57 (Blue/2) — returned to hand
  ⚔ P2 draws cruiser-card #46 (Green/1)
  ⚔ P1 draws cruiser-card #18 (Red/3)
  ⚔ P1 draws cruiser-card #74 (Red/2)
  ⚔ P1 draws cruiser-card #26 (Yellow/2)
  ⚔ Totals: P1=7 vs P2=1
  ⚔ Winner: P1
P2's ship at G17 destroyed (returned to pool)
P1 moves ship G25 → G17
P1 moves ship G25 → G17
P1 moves ship G25 → G17
+1 prestige (BattleWon) → P1 total 13
+1 prestige (ShipsDestroyed) → P1 total 14
!! BATTLE RESULT @ G17

Attacker: P1 (3 cruisers)
  reinforcements: (none)
  bluffs (returned): #57 (Blue/2)
  cruiser draws:  #18 (Red/3), #74 (Red/2), #26 (Yellow/2)
  total icons:    7

Defender: P2
  reinforcements: (none)
  bluffs (returned): #67 (Green/1), #85 (Red/1), #63 (Blue/3), #60 (Red/2)
  cruiser draws:  #46 (Green/1)
  total icons:    1

Winner: P1 (+1 prestige for the win, +1 per ship destroyed).
Ships destroyed: 1.
P1 prestige now 14.
  cursor=[0] #35 used by P1 (Command)
  → command #35 (Transport 1 fleet(s) up to 1, 2 move(s), +1 boost)
  → command: 2 legal origin(s) for fleet 1/1
P1 explores N14: takes #45 (Red/3) into hand
P1 places #57 (Blue/2) face-up at N14
P1 moves ship N13 → N14
  → activating #57 on N14 (+1 bonus gems from arriving transports)
P1 builds at N8 (available=4)
P1 builds at N9 (available=3)
P1 builds at G27 (available=2)
  cursor=[1] #17 used by P1 (Trade)
  → P1 no eligible card to trade
  cursor=[2] #12 used by P1 (Command)
  → command #12 (ship 1 fleet(s) up to 12, 1 move(s))
  → command: 7 legal origin(s) for fleet 1/1
P1 moves ship N8 → N13
  → activating #75 on N13 (+1 bonus gems from arriving transports)
  → command #75 (ship 3 fleet(s) up to 12, 1 move(s), +1 boost)
  → command: 7 legal origin(s) for fleet 1/3
P1 moves ship N9 → N10
P1 moves ship N9 → N10
P1 moves ship N14 → N10
P1 moves ship G17 → G13
  → Sector Core activated as Yellow: 2 gem(s) + 3 transport(s) → +3 prestige
+3 prestige (SectorCoreActivatedByTransports) → P1 total 17
  cursor=[3] #55 used by P1 (Command)
  → command #55 (ship 1 fleet(s) up to 2, 2 move(s), +1 boost)
  → command: 7 legal origin(s) for fleet 1/1
P1 moves ship G17 → G25
+6 prestige (SectorCoreGatesPatrolled) → P1 total 23
=== P1 wins (prestige 23) ===